This file contains any messages produced by compilers while
running configure, to aid debugging if configure makes a mistake.

It was created by PCRE configure 8.39, which was
generated by GNU Autoconf 2.71.  Invocation command line was

  $ ./configure --host=x86_64-linux-gnu --build=x86_64-linux-gnu --prefix=/usr '--mandir=${prefix}/share/man' '--infodir=${prefix}/share/info' '--libdir=${prefix}/lib/x86_64-linux-gnu' --enable-utf8 --enable-unicode-properties --disable-silent-rules --enable-jit --enable-pcre16 --enable-pcre32 ASFLAGS= 'CFLAGS=-g -O2 -ffile-prefix-map=/home/kyrie/CTF/2024/defcon/libprce3/deb/pcre3-8.39=. -flto=auto -ffat-lto-objects -flto=auto -ffat-lto-objects -fstack-protector-strong -Wformat -Werror=format-security -Wall' 'CPPFLAGS=-Wdate-time -D_FORTIFY_SOURCE=2' 'CXXFLAGS=-g -O2 -ffile-prefix-map=/home/kyrie/CTF/2024/defcon/libprce3/deb/pcre3-8.39=. -flto=auto -ffat-lto-objects -flto=auto -ffat-lto-objects -fstack-protector-strong -Wformat -Werror=format-security' DFLAGS=-frelease 'FCFLAGS=-g -O2 -ffile-prefix-map=/home/kyrie/CTF/2024/defcon/libprce3/deb/pcre3-8.39=. -flto=auto -ffat-lto-objects -flto=auto -ffat-lto-objects -fstack-protector-strong' 'FFLAGS=-g -O2 -ffile-prefix-map=/home/kyrie/CTF/2024/defcon/libprce3/deb/pcre3-8.39=. -flto=auto -ffat-lto-objects -flto=auto -ffat-lto-objects -fstack-protector-strong' 'GCJFLAGS=-g -O2 -ffile-prefix-map=/home/kyrie/CTF/2024/defcon/libprce3/deb/pcre3-8.39=. -flto=auto -ffat-lto-objects -fstack-protector-strong' 'LDFLAGS=-Wl,-Bsymbolic-functions -flto=auto -ffat-lto-objects -flto=auto -Wl,-z,relro -Wl,-z,now' 'OBJCFLAGS=-g -O2 -ffile-prefix-map=/home/kyrie/CTF/2024/defcon/libprce3/deb/pcre3-8.39=. -flto=auto -ffat-lto-objects -flto=auto -ffat-lto-objects -fstack-protector-strong -Wformat -Werror=format-security' 'OBJCXXFLAGS=-g -O2 -ffile-prefix-map=/home/kyrie/CTF/2024/defcon/libprce3/deb/pcre3-8.39=. -flto=auto -ffat-lto-objects -flto=auto -ffat-lto-objects -fstack-protector-strong -Wformat -Werror=format-security'

## --------- ##
## Platform. ##
## --------- ##

hostname = nvm
uname -m = x86_64
uname -r = 6.5.0-28-generic
uname -s = Linux
uname -v = #29~22.04.1-Ubuntu SMP PREEMPT_DYNAMIC Thu Apr  4 14:39:20 UTC 2

/usr/bin/uname -p = x86_64
/bin/uname -X     = unknown

/bin/arch              = x86_64
/usr/bin/arch -k       = unknown
/usr/convex/getsysinfo = unknown
/usr/bin/hostinfo      = unknown
/bin/machine           = unknown
/usr/bin/oslevel       = unknown
/bin/universe          = unknown

PATH: /home/kyrie/.vscode-server/cli/servers/Stable-dc96b837cf6bb4af9cd736aa3af08cf8279f7685/server/bin/remote-cli/
PATH: /usr/local/sbin/
PATH: /usr/local/bin/
PATH: /usr/sbin/
PATH: /usr/bin/
PATH: /sbin/
PATH: /bin/
PATH: /usr/games/
PATH: /usr/local/games/
PATH: /snap/bin/
PATH: /home/kyrie/Tools/depot_tools/
PATH: /home/kyrie/Tools/ninja/
PATH: /home/kyrie/Tools/qemu-9.0.0/build/
PATH: /home/kyrie/Tools/depot_tools/
PATH: /home/kyrie/Tools/ninja/
PATH: /home/kyrie/Tools/qemu-9.0.0/build/


## ----------- ##
## Core tests. ##
## ----------- ##

configure:3090: looking for aux files: ltmain.sh config.guess config.sub compile ar-lib missing install-sh
configure:3103:  trying ./
configure:3132:   ./ltmain.sh found
configure:3132:   ./config.guess found
configure:3132:   ./config.sub found
configure:3132:   ./compile found
configure:3132:   ./ar-lib found
configure:3132:   ./missing found
configure:3114:   ./install-sh found
configure:3262: checking for a BSD-compatible install
configure:3335: result: /usr/bin/install -c
configure:3346: checking whether build environment is sane
configure:3401: result: yes
configure:3560: checking for a race-free mkdir -p
configure:3604: result: /usr/bin/mkdir -p
configure:3611: checking for gawk
configure:3632: found /usr/bin/gawk
configure:3643: result: gawk
configure:3654: checking whether make sets $(MAKE)
configure:3677: result: yes
configure:3707: checking whether make supports nested variables
configure:3725: result: yes
configure:3873: checking whether make supports nested variables
configure:3891: result: yes
configure:3919: checking whether make supports the include directive
configure:3934: make -f confmf.GNU && cat confinc.out
make[1]: Entering directory '/home/kyrie/CTF/2024/defcon/libprce3/deb/pcre3-8.39'
make[1]: Leaving directory '/home/kyrie/CTF/2024/defcon/libprce3/deb/pcre3-8.39'
this is the am__doit target
configure:3937: $? = 0
configure:3956: result: yes (GNU style)
configure:3987: checking for x86_64-linux-gnu-gcc
configure:4008: found /usr/bin/x86_64-linux-gnu-gcc
configure:4019: result: x86_64-linux-gnu-gcc
configure:4417: checking for C compiler version
configure:4426: x86_64-linux-gnu-gcc --version >&5
x86_64-linux-gnu-gcc (Ubuntu 11.4.0-1ubuntu1~22.04) 11.4.0
Copyright (C) 2021 Free Software Foundation, Inc.
This is free software; see the source for copying conditions.  There is NO
warranty; not even for MERCHANTABILITY or FITNESS FOR A PARTICULAR PURPOSE.

configure:4437: $? = 0
configure:4426: x86_64-linux-gnu-gcc -v >&5
Using built-in specs.
COLLECT_GCC=x86_64-linux-gnu-gcc
COLLECT_LTO_WRAPPER=/usr/lib/gcc/x86_64-linux-gnu/11/lto-wrapper
OFFLOAD_TARGET_NAMES=nvptx-none:amdgcn-amdhsa
OFFLOAD_TARGET_DEFAULT=1
Target: x86_64-linux-gnu
Configured with: ../src/configure -v --with-pkgversion='Ubuntu 11.4.0-1ubuntu1~22.04' --with-bugurl=file:///usr/share/doc/gcc-11/README.Bugs --enable-languages=c,ada,c++,go,brig,d,fortran,objc,obj-c++,m2 --prefix=/usr --with-gcc-major-version-only --program-suffix=-11 --program-prefix=x86_64-linux-gnu- --enable-shared --enable-linker-build-id --libexecdir=/usr/lib --without-included-gettext --enable-threads=posix --libdir=/usr/lib --enable-nls --enable-bootstrap --enable-clocale=gnu --enable-libstdcxx-debug --enable-libstdcxx-time=yes --with-default-libstdcxx-abi=new --enable-gnu-unique-object --disable-vtable-verify --enable-plugin --enable-default-pie --with-system-zlib --enable-libphobos-checking=release --with-target-system-zlib=auto --enable-objc-gc=auto --enable-multiarch --disable-werror --enable-cet --with-arch-32=i686 --with-abi=m64 --with-multilib-list=m32,m64,mx32 --enable-multilib --with-tune=generic --enable-offload-targets=nvptx-none=/build/gcc-11-XeT9lY/gcc-11-11.4.0/debian/tmp-nvptx/usr,amdgcn-amdhsa=/build/gcc-11-XeT9lY/gcc-11-11.4.0/debian/tmp-gcn/usr --without-cuda-driver --enable-checking=release --build=x86_64-linux-gnu --host=x86_64-linux-gnu --target=x86_64-linux-gnu --with-build-config=bootstrap-lto-lean --enable-link-serialization=2
Thread model: posix
Supported LTO compression algorithms: zlib zstd
gcc version 11.4.0 (Ubuntu 11.4.0-1ubuntu1~22.04) 
... rest of stderr output deleted ...
configure:4437: $? = 0
configure:4426: x86_64-linux-gnu-gcc -V >&5
x86_64-linux-gnu-gcc: error: unrecognized command-line option '-V'
x86_64-linux-gnu-gcc: fatal error: no input files
compilation terminated.
configure:4437: $? = 1
configure:4426: x86_64-linux-gnu-gcc -qversion >&5
x86_64-linux-gnu-gcc: error: unrecognized command-line option '-qversion'; did you mean '--version'?
x86_64-linux-gnu-gcc: fatal error: no input files
compilation terminated.
configure:4437: $? = 1
configure:4426: x86_64-linux-gnu-gcc -version >&5
x86_64-linux-gnu-gcc: error: unrecognized command-line option '-version'
x86_64-linux-gnu-gcc: fatal error: no input files
compilation terminated.
configure:4437: $? = 1
configure:4457: checking whether the C compiler works
configure:4479: x86_64-linux-gnu-gcc -g -O2 -ffile-prefix-map=/home/kyrie/CTF/2024/defcon/libprce3/deb/pcre3-8.39=. -flto=auto -ffat-lto-objects -flto=auto -ffat-lto-objects -fstack-protector-strong -Wformat -Werror=format-security -Wall -Wdate-time -D_FORTIFY_SOURCE=2 -Wl,-Bsymbolic-functions -flto=auto -ffat-lto-objects -flto=auto -Wl,-z,relro -Wl,-z,now conftest.c  >&5
configure:4483: $? = 0
configure:4533: result: yes
configure:4536: checking for C compiler default output file name
configure:4538: result: a.out
configure:4544: checking for suffix of executables
configure:4551: x86_64-linux-gnu-gcc -o conftest -g -O2 -ffile-prefix-map=/home/kyrie/CTF/2024/defcon/libprce3/deb/pcre3-8.39=. -flto=auto -ffat-lto-objects -flto=auto -ffat-lto-objects -fstack-protector-strong -Wformat -Werror=format-security -Wall -Wdate-time -D_FORTIFY_SOURCE=2 -Wl,-Bsymbolic-functions -flto=auto -ffat-lto-objects -flto=auto -Wl,-z,relro -Wl,-z,now conftest.c  >&5
configure:4555: $? = 0
configure:4578: result: 
configure:4600: checking whether we are cross compiling
configure:4608: x86_64-linux-gnu-gcc -o conftest -g -O2 -ffile-prefix-map=/home/kyrie/CTF/2024/defcon/libprce3/deb/pcre3-8.39=. -flto=auto -ffat-lto-objects -flto=auto -ffat-lto-objects -fstack-protector-strong -Wformat -Werror=format-security -Wall -Wdate-time -D_FORTIFY_SOURCE=2 -Wl,-Bsymbolic-functions -flto=auto -ffat-lto-objects -flto=auto -Wl,-z,relro -Wl,-z,now conftest.c  >&5
configure:4612: $? = 0
configure:4619: ./conftest
configure:4623: $? = 0
configure:4638: result: no
configure:4643: checking for suffix of object files
configure:4666: x86_64-linux-gnu-gcc -c -g -O2 -ffile-prefix-map=/home/kyrie/CTF/2024/defcon/libprce3/deb/pcre3-8.39=. -flto=auto -ffat-lto-objects -flto=auto -ffat-lto-objects -fstack-protector-strong -Wformat -Werror=format-security -Wall -Wdate-time -D_FORTIFY_SOURCE=2 conftest.c >&5
configure:4670: $? = 0
configure:4692: result: o
configure:4696: checking whether the compiler supports GNU C
configure:4716: x86_64-linux-gnu-gcc -c -g -O2 -ffile-prefix-map=/home/kyrie/CTF/2024/defcon/libprce3/deb/pcre3-8.39=. -flto=auto -ffat-lto-objects -flto=auto -ffat-lto-objects -fstack-protector-strong -Wformat -Werror=format-security -Wall -Wdate-time -D_FORTIFY_SOURCE=2 conftest.c >&5
configure:4716: $? = 0
configure:4726: result: yes
configure:4737: checking whether x86_64-linux-gnu-gcc accepts -g
configure:4758: x86_64-linux-gnu-gcc -c -g -Wdate-time -D_FORTIFY_SOURCE=2 conftest.c >&5
configure:4758: $? = 0
configure:4802: result: yes
configure:4822: checking for x86_64-linux-gnu-gcc option to enable C11 features
configure:4837: x86_64-linux-gnu-gcc  -c -g -O2 -ffile-prefix-map=/home/kyrie/CTF/2024/defcon/libprce3/deb/pcre3-8.39=. -flto=auto -ffat-lto-objects -flto=auto -ffat-lto-objects -fstack-protector-strong -Wformat -Werror=format-security -Wall -Wdate-time -D_FORTIFY_SOURCE=2 conftest.c >&5
configure:4837: $? = 0
configure:4855: result: none needed
configure:4971: checking whether x86_64-linux-gnu-gcc understands -c and -o together
configure:4994: x86_64-linux-gnu-gcc -c conftest.c -o conftest2.o
configure:4997: $? = 0
configure:4994: x86_64-linux-gnu-gcc -c conftest.c -o conftest2.o
configure:4997: $? = 0
configure:5009: result: yes
configure:5028: checking dependency style of x86_64-linux-gnu-gcc
configure:5140: result: gcc3
configure:5162: checking for x86_64-linux-gnu-ar
configure:5183: found /usr/bin/x86_64-linux-gnu-ar
configure:5194: result: x86_64-linux-gnu-ar
configure:5269: checking the archiver (x86_64-linux-gnu-ar) interface
configure:5286: x86_64-linux-gnu-gcc -c -g -O2 -ffile-prefix-map=/home/kyrie/CTF/2024/defcon/libprce3/deb/pcre3-8.39=. -flto=auto -ffat-lto-objects -flto=auto -ffat-lto-objects -fstack-protector-strong -Wformat -Werror=format-security -Wall -Wdate-time -D_FORTIFY_SOURCE=2 conftest.c >&5
configure:5286: $? = 0
configure:5289: x86_64-linux-gnu-ar cru libconftest.a conftest.o >&5
x86_64-linux-gnu-ar: `u' modifier ignored since `D' is the default (see `U')
configure:5292: $? = 0
configure:5320: result: ar
configure:5365: checking for x86_64-linux-gnu-gcc
configure:5397: result: x86_64-linux-gnu-gcc
configure:5795: checking for C compiler version
configure:5804: x86_64-linux-gnu-gcc --version >&5
x86_64-linux-gnu-gcc (Ubuntu 11.4.0-1ubuntu1~22.04) 11.4.0
Copyright (C) 2021 Free Software Foundation, Inc.
This is free software; see the source for copying conditions.  There is NO
warranty; not even for MERCHANTABILITY or FITNESS FOR A PARTICULAR PURPOSE.

configure:5815: $? = 0
configure:5804: x86_64-linux-gnu-gcc -v >&5
Using built-in specs.
COLLECT_GCC=x86_64-linux-gnu-gcc
COLLECT_LTO_WRAPPER=/usr/lib/gcc/x86_64-linux-gnu/11/lto-wrapper
OFFLOAD_TARGET_NAMES=nvptx-none:amdgcn-amdhsa
OFFLOAD_TARGET_DEFAULT=1
Target: x86_64-linux-gnu
Configured with: ../src/configure -v --with-pkgversion='Ubuntu 11.4.0-1ubuntu1~22.04' --with-bugurl=file:///usr/share/doc/gcc-11/README.Bugs --enable-languages=c,ada,c++,go,brig,d,fortran,objc,obj-c++,m2 --prefix=/usr --with-gcc-major-version-only --program-suffix=-11 --program-prefix=x86_64-linux-gnu- --enable-shared --enable-linker-build-id --libexecdir=/usr/lib --without-included-gettext --enable-threads=posix --libdir=/usr/lib --enable-nls --enable-bootstrap --enable-clocale=gnu --enable-libstdcxx-debug --enable-libstdcxx-time=yes --with-default-libstdcxx-abi=new --enable-gnu-unique-object --disable-vtable-verify --enable-plugin --enable-default-pie --with-system-zlib --enable-libphobos-checking=release --with-target-system-zlib=auto --enable-objc-gc=auto --enable-multiarch --disable-werror --enable-cet --with-arch-32=i686 --with-abi=m64 --with-multilib-list=m32,m64,mx32 --enable-multilib --with-tune=generic --enable-offload-targets=nvptx-none=/build/gcc-11-XeT9lY/gcc-11-11.4.0/debian/tmp-nvptx/usr,amdgcn-amdhsa=/build/gcc-11-XeT9lY/gcc-11-11.4.0/debian/tmp-gcn/usr --without-cuda-driver --enable-checking=release --build=x86_64-linux-gnu --host=x86_64-linux-gnu --target=x86_64-linux-gnu --with-build-config=bootstrap-lto-lean --enable-link-serialization=2
Thread model: posix
Supported LTO compression algorithms: zlib zstd
gcc version 11.4.0 (Ubuntu 11.4.0-1ubuntu1~22.04) 
... rest of stderr output deleted ...
configure:5815: $? = 0
configure:5804: x86_64-linux-gnu-gcc -V >&5
x86_64-linux-gnu-gcc: error: unrecognized command-line option '-V'
x86_64-linux-gnu-gcc: fatal error: no input files
compilation terminated.
configure:5815: $? = 1
configure:5804: x86_64-linux-gnu-gcc -qversion >&5
x86_64-linux-gnu-gcc: error: unrecognized command-line option '-qversion'; did you mean '--version'?
x86_64-linux-gnu-gcc: fatal error: no input files
compilation terminated.
configure:5815: $? = 1
configure:5804: x86_64-linux-gnu-gcc -version >&5
x86_64-linux-gnu-gcc: error: unrecognized command-line option '-version'
x86_64-linux-gnu-gcc: fatal error: no input files
compilation terminated.
configure:5815: $? = 1
configure:5819: checking whether the compiler supports GNU C
configure:5849: result: yes
configure:5860: checking whether x86_64-linux-gnu-gcc accepts -g
configure:5925: result: yes
configure:5945: checking for x86_64-linux-gnu-gcc option to enable C11 features
configure:5978: result: none needed
configure:6094: checking whether x86_64-linux-gnu-gcc understands -c and -o together
configure:6132: result: yes
configure:6151: checking dependency style of x86_64-linux-gnu-gcc
configure:6263: result: gcc3
configure:6298: checking for x86_64-linux-gnu-g++
configure:6319: found /usr/bin/x86_64-linux-gnu-g++
configure:6330: result: x86_64-linux-gnu-g++
configure:6406: checking for C++ compiler version
configure:6415: x86_64-linux-gnu-g++ --version >&5
x86_64-linux-gnu-g++ (Ubuntu 11.4.0-1ubuntu1~22.04) 11.4.0
Copyright (C) 2021 Free Software Foundation, Inc.
This is free software; see the source for copying conditions.  There is NO
warranty; not even for MERCHANTABILITY or FITNESS FOR A PARTICULAR PURPOSE.

configure:6426: $? = 0
configure:6415: x86_64-linux-gnu-g++ -v >&5
Using built-in specs.
COLLECT_GCC=x86_64-linux-gnu-g++
COLLECT_LTO_WRAPPER=/usr/lib/gcc/x86_64-linux-gnu/11/lto-wrapper
OFFLOAD_TARGET_NAMES=nvptx-none:amdgcn-amdhsa
OFFLOAD_TARGET_DEFAULT=1
Target: x86_64-linux-gnu
Configured with: ../src/configure -v --with-pkgversion='Ubuntu 11.4.0-1ubuntu1~22.04' --with-bugurl=file:///usr/share/doc/gcc-11/README.Bugs --enable-languages=c,ada,c++,go,brig,d,fortran,objc,obj-c++,m2 --prefix=/usr --with-gcc-major-version-only --program-suffix=-11 --program-prefix=x86_64-linux-gnu- --enable-shared --enable-linker-build-id --libexecdir=/usr/lib --without-included-gettext --enable-threads=posix --libdir=/usr/lib --enable-nls --enable-bootstrap --enable-clocale=gnu --enable-libstdcxx-debug --enable-libstdcxx-time=yes --with-default-libstdcxx-abi=new --enable-gnu-unique-object --disable-vtable-verify --enable-plugin --enable-default-pie --with-system-zlib --enable-libphobos-checking=release --with-target-system-zlib=auto --enable-objc-gc=auto --enable-multiarch --disable-werror --enable-cet --with-arch-32=i686 --with-abi=m64 --with-multilib-list=m32,m64,mx32 --enable-multilib --with-tune=generic --enable-offload-targets=nvptx-none=/build/gcc-11-XeT9lY/gcc-11-11.4.0/debian/tmp-nvptx/usr,amdgcn-amdhsa=/build/gcc-11-XeT9lY/gcc-11-11.4.0/debian/tmp-gcn/usr --without-cuda-driver --enable-checking=release --build=x86_64-linux-gnu --host=x86_64-linux-gnu --target=x86_64-linux-gnu --with-build-config=bootstrap-lto-lean --enable-link-serialization=2
Thread model: posix
Supported LTO compression algorithms: zlib zstd
gcc version 11.4.0 (Ubuntu 11.4.0-1ubuntu1~22.04) 
... rest of stderr output deleted ...
configure:6426: $? = 0
configure:6415: x86_64-linux-gnu-g++ -V >&5
x86_64-linux-gnu-g++: error: unrecognized command-line option '-V'
x86_64-linux-gnu-g++: fatal error: no input files
compilation terminated.
configure:6426: $? = 1
configure:6415: x86_64-linux-gnu-g++ -qversion >&5
x86_64-linux-gnu-g++: error: unrecognized command-line option '-qversion'; did you mean '--version'?
x86_64-linux-gnu-g++: fatal error: no input files
compilation terminated.
configure:6426: $? = 1
configure:6430: checking whether the compiler supports GNU C++
configure:6450: x86_64-linux-gnu-g++ -c -g -O2 -ffile-prefix-map=/home/kyrie/CTF/2024/defcon/libprce3/deb/pcre3-8.39=. -flto=auto -ffat-lto-objects -flto=auto -ffat-lto-objects -fstack-protector-strong -Wformat -Werror=format-security -Wdate-time -D_FORTIFY_SOURCE=2 conftest.cpp >&5
configure:6450: $? = 0
configure:6460: result: yes
configure:6471: checking whether x86_64-linux-gnu-g++ accepts -g
configure:6492: x86_64-linux-gnu-g++ -c -g -Wdate-time -D_FORTIFY_SOURCE=2 conftest.cpp >&5
configure:6492: $? = 0
configure:6536: result: yes
configure:6556: checking for x86_64-linux-gnu-g++ option to enable C++11 features
configure:6571: x86_64-linux-gnu-g++  -c -g -O2 -ffile-prefix-map=/home/kyrie/CTF/2024/defcon/libprce3/deb/pcre3-8.39=. -flto=auto -ffat-lto-objects -flto=auto -ffat-lto-objects -fstack-protector-strong -Wformat -Werror=format-security -Wdate-time -D_FORTIFY_SOURCE=2 conftest.cpp >&5
conftest.cpp: In function 'int main(int, char**)':
conftest.cpp:177:25: warning: empty parentheses were disambiguated as a function declaration [-Wvexing-parse]
  177 |   cxx11test::delegate d2();
      |                         ^~
conftest.cpp:177:25: note: remove parentheses to default-initialize a variable
  177 |   cxx11test::delegate d2();
      |                         ^~
      |                         --
conftest.cpp:177:25: note: or replace parentheses with braces to value-initialize a variable
configure:6571: $? = 0
configure:6589: result: none needed
configure:6655: checking dependency style of x86_64-linux-gnu-g++
configure:6767: result: gcc3
configure:6826: x86_64-linux-gnu-g++ -c -g -O2 -ffile-prefix-map=/home/kyrie/CTF/2024/defcon/libprce3/deb/pcre3-8.39=. -flto=auto -ffat-lto-objects -flto=auto -ffat-lto-objects -fstack-protector-strong -Wformat -Werror=format-security -Wdate-time -D_FORTIFY_SOURCE=2 conftest.cpp >&5
configure:6826: $? = 0
configure:6845: checking for stdio.h
configure:6845: x86_64-linux-gnu-gcc -c -g -O2 -ffile-prefix-map=/home/kyrie/CTF/2024/defcon/libprce3/deb/pcre3-8.39=. -flto=auto -ffat-lto-objects -flto=auto -ffat-lto-objects -fstack-protector-strong -Wformat -Werror=format-security -Wall -Wdate-time -D_FORTIFY_SOURCE=2 conftest.c >&5
configure:6845: $? = 0
configure:6845: result: yes
configure:6845: checking for stdlib.h
configure:6845: x86_64-linux-gnu-gcc -c -g -O2 -ffile-prefix-map=/home/kyrie/CTF/2024/defcon/libprce3/deb/pcre3-8.39=. -flto=auto -ffat-lto-objects -flto=auto -ffat-lto-objects -fstack-protector-strong -Wformat -Werror=format-security -Wall -Wdate-time -D_FORTIFY_SOURCE=2 conftest.c >&5
configure:6845: $? = 0
configure:6845: result: yes
configure:6845: checking for string.h
configure:6845: x86_64-linux-gnu-gcc -c -g -O2 -ffile-prefix-map=/home/kyrie/CTF/2024/defcon/libprce3/deb/pcre3-8.39=. -flto=auto -ffat-lto-objects -flto=auto -ffat-lto-objects -fstack-protector-strong -Wformat -Werror=format-security -Wall -Wdate-time -D_FORTIFY_SOURCE=2 conftest.c >&5
configure:6845: $? = 0
configure:6845: result: yes
configure:6845: checking for inttypes.h
configure:6845: x86_64-linux-gnu-gcc -c -g -O2 -ffile-prefix-map=/home/kyrie/CTF/2024/defcon/libprce3/deb/pcre3-8.39=. -flto=auto -ffat-lto-objects -flto=auto -ffat-lto-objects -fstack-protector-strong -Wformat -Werror=format-security -Wall -Wdate-time -D_FORTIFY_SOURCE=2 conftest.c >&5
configure:6845: $? = 0
configure:6845: result: yes
configure:6845: checking for stdint.h
configure:6845: x86_64-linux-gnu-gcc -c -g -O2 -ffile-prefix-map=/home/kyrie/CTF/2024/defcon/libprce3/deb/pcre3-8.39=. -flto=auto -ffat-lto-objects -flto=auto -ffat-lto-objects -fstack-protector-strong -Wformat -Werror=format-security -Wall -Wdate-time -D_FORTIFY_SOURCE=2 conftest.c >&5
configure:6845: $? = 0
configure:6845: result: yes
configure:6845: checking for strings.h
configure:6845: x86_64-linux-gnu-gcc -c -g -O2 -ffile-prefix-map=/home/kyrie/CTF/2024/defcon/libprce3/deb/pcre3-8.39=. -flto=auto -ffat-lto-objects -flto=auto -ffat-lto-objects -fstack-protector-strong -Wformat -Werror=format-security -Wall -Wdate-time -D_FORTIFY_SOURCE=2 conftest.c >&5
configure:6845: $? = 0
configure:6845: result: yes
configure:6845: checking for sys/stat.h
configure:6845: x86_64-linux-gnu-gcc -c -g -O2 -ffile-prefix-map=/home/kyrie/CTF/2024/defcon/libprce3/deb/pcre3-8.39=. -flto=auto -ffat-lto-objects -flto=auto -ffat-lto-objects -fstack-protector-strong -Wformat -Werror=format-security -Wall -Wdate-time -D_FORTIFY_SOURCE=2 conftest.c >&5
configure:6845: $? = 0
configure:6845: result: yes
configure:6845: checking for sys/types.h
configure:6845: x86_64-linux-gnu-gcc -c -g -O2 -ffile-prefix-map=/home/kyrie/CTF/2024/defcon/libprce3/deb/pcre3-8.39=. -flto=auto -ffat-lto-objects -flto=auto -ffat-lto-objects -fstack-protector-strong -Wformat -Werror=format-security -Wall -Wdate-time -D_FORTIFY_SOURCE=2 conftest.c >&5
configure:6845: $? = 0
configure:6845: result: yes
configure:6845: checking for unistd.h
configure:6845: x86_64-linux-gnu-gcc -c -g -O2 -ffile-prefix-map=/home/kyrie/CTF/2024/defcon/libprce3/deb/pcre3-8.39=. -flto=auto -ffat-lto-objects -flto=auto -ffat-lto-objects -fstack-protector-strong -Wformat -Werror=format-security -Wall -Wdate-time -D_FORTIFY_SOURCE=2 conftest.c >&5
configure:6845: $? = 0
configure:6845: result: yes
configure:6870: checking for int64_t
configure:6870: x86_64-linux-gnu-gcc -c -g -O2 -ffile-prefix-map=/home/kyrie/CTF/2024/defcon/libprce3/deb/pcre3-8.39=. -flto=auto -ffat-lto-objects -flto=auto -ffat-lto-objects -fstack-protector-strong -Wformat -Werror=format-security -Wall -Wdate-time -D_FORTIFY_SOURCE=2 conftest.c >&5
configure:6870: $? = 0
configure:6870: x86_64-linux-gnu-gcc -c -g -O2 -ffile-prefix-map=/home/kyrie/CTF/2024/defcon/libprce3/deb/pcre3-8.39=. -flto=auto -ffat-lto-objects -flto=auto -ffat-lto-objects -fstack-protector-strong -Wformat -Werror=format-security -Wall -Wdate-time -D_FORTIFY_SOURCE=2 conftest.c >&5
conftest.c: In function 'main':
conftest.c:54:67: warning: integer overflow in expression of type 'long int' results in '-9223372036854775808' [-Woverflow]
   54 |                  < (int64_t) (((((int64_t) 1 << N) << N) - 1) * 2 + 2))];
      |                                                                   ^
conftest.c:53:12: error: storage size of 'test_array' isn't constant
   53 | static int test_array [1 - 2 * !((int64_t) (((((int64_t) 1 << N) << N) - 1) * 2 + 1)
      |            ^~~~~~~~~~
conftest.c:53:12: warning: unused variable 'test_array' [-Wunused-variable]
configure:6870: $? = 1
configure: failed program was:
| /* confdefs.h */
| #define PACKAGE_NAME "PCRE"
| #define PACKAGE_TARNAME "pcre"
| #define PACKAGE_VERSION "8.39"
| #define PACKAGE_STRING "PCRE 8.39"
| #define PACKAGE_BUGREPORT ""
| #define PACKAGE_URL ""
| #define PACKAGE "pcre"
| #define VERSION "8.39"
| #define HAVE_STDIO_H 1
| #define HAVE_STDLIB_H 1
| #define HAVE_STRING_H 1
| #define HAVE_INTTYPES_H 1
| #define HAVE_STDINT_H 1
| #define HAVE_STRINGS_H 1
| #define HAVE_SYS_STAT_H 1
| #define HAVE_SYS_TYPES_H 1
| #define HAVE_UNISTD_H 1
| #define STDC_HEADERS 1
| /* end confdefs.h.  */
| #include <stddef.h>
| #ifdef HAVE_STDIO_H
| # include <stdio.h>
| #endif
| #ifdef HAVE_STDLIB_H
| # include <stdlib.h>
| #endif
| #ifdef HAVE_STRING_H
| # include <string.h>
| #endif
| #ifdef HAVE_INTTYPES_H
| # include <inttypes.h>
| #endif
| #ifdef HAVE_STDINT_H
| # include <stdint.h>
| #endif
| #ifdef HAVE_STRINGS_H
| # include <strings.h>
| #endif
| #ifdef HAVE_SYS_TYPES_H
| # include <sys/types.h>
| #endif
| #ifdef HAVE_SYS_STAT_H
| # include <sys/stat.h>
| #endif
| #ifdef HAVE_UNISTD_H
| # include <unistd.h>
| #endif
| 	        enum { N = 64 / 2 - 1 };
| int
| main (void)
| {
| static int test_array [1 - 2 * !((int64_t) (((((int64_t) 1 << N) << N) - 1) * 2 + 1)
| 		 < (int64_t) (((((int64_t) 1 << N) << N) - 1) * 2 + 2))];
| test_array [0] = 0;
| return test_array [0];
| 
|   ;
|   return 0;
| }
configure:6870: result: yes
configure:6887: checking build system type
configure:6902: result: x86_64-pc-linux-gnu
configure:6922: checking host system type
configure:6936: result: x86_64-pc-linux-gnu
configure:7336: checking how to print strings
configure:7363: result: printf
configure:7384: checking for a sed that does not truncate output
configure:7454: result: /usr/bin/sed
configure:7472: checking for grep that handles long lines and -e
configure:7536: result: /usr/bin/grep
configure:7541: checking for egrep
configure:7609: result: /usr/bin/grep -E
configure:7614: checking for fgrep
configure:7682: result: /usr/bin/grep -F
configure:7718: checking for ld used by x86_64-linux-gnu-gcc
configure:7786: result: /usr/bin/ld
configure:7793: checking if the linker (/usr/bin/ld) is GNU ld
configure:7809: result: yes
configure:7821: checking for BSD- or MS-compatible name lister (nm)
configure:7876: result: /usr/bin/x86_64-linux-gnu-nm -B
configure:8016: checking the name lister (/usr/bin/x86_64-linux-gnu-nm -B) interface
configure:8024: x86_64-linux-gnu-gcc -c -g -O2 -ffile-prefix-map=/home/kyrie/CTF/2024/defcon/libprce3/deb/pcre3-8.39=. -flto=auto -ffat-lto-objects -flto=auto -ffat-lto-objects -fstack-protector-strong -Wformat -Werror=format-security -Wall -Wdate-time -D_FORTIFY_SOURCE=2 conftest.c >&5
configure:8027: /usr/bin/x86_64-linux-gnu-nm -B "conftest.o"
configure:8030: output
00000000 B some_variable
configure:8037: result: BSD nm
configure:8040: checking whether ln -s works
configure:8044: result: yes
configure:8052: checking the maximum length of command line arguments
configure:8184: result: 1572864
configure:8232: checking how to convert x86_64-pc-linux-gnu file names to x86_64-pc-linux-gnu format
configure:8273: result: func_convert_file_noop
configure:8280: checking how to convert x86_64-pc-linux-gnu file names to toolchain format
configure:8301: result: func_convert_file_noop
configure:8308: checking for /usr/bin/ld option to reload object files
configure:8316: result: -r
configure:8350: checking for x86_64-linux-gnu-objdump
configure:8382: result: objdump
configure:8456: checking how to recognize dependent libraries
configure:8657: result: pass_all
configure:8702: checking for x86_64-linux-gnu-dlltool
configure:8734: result: dlltool
configure:8809: checking how to associate runtime and link libraries
configure:8837: result: printf %s\n
configure:8853: checking for x86_64-linux-gnu-ar
configure:8885: result: x86_64-linux-gnu-ar
configure:8971: checking for archiver @FILE support
configure:8989: x86_64-linux-gnu-gcc -c -g -O2 -ffile-prefix-map=/home/kyrie/CTF/2024/defcon/libprce3/deb/pcre3-8.39=. -flto=auto -ffat-lto-objects -flto=auto -ffat-lto-objects -fstack-protector-strong -Wformat -Werror=format-security -Wall -Wdate-time -D_FORTIFY_SOURCE=2 conftest.c >&5
configure:8989: $? = 0
configure:8993: x86_64-linux-gnu-ar cr libconftest.a @conftest.lst >&5
configure:8996: $? = 0
configure:9001: x86_64-linux-gnu-ar cr libconftest.a @conftest.lst >&5
x86_64-linux-gnu-ar: conftest.o: No such file or directory
configure:9004: $? = 1
configure:9016: result: @
configure:9034: checking for x86_64-linux-gnu-strip
configure:9055: found /usr/bin/x86_64-linux-gnu-strip
configure:9066: result: x86_64-linux-gnu-strip
configure:9143: checking for x86_64-linux-gnu-ranlib
configure:9164: found /usr/bin/x86_64-linux-gnu-ranlib
configure:9175: result: x86_64-linux-gnu-ranlib
configure:9322: checking command to parse /usr/bin/x86_64-linux-gnu-nm -B output from x86_64-linux-gnu-gcc object
configure:9476: x86_64-linux-gnu-gcc -c -g -O2 -ffile-prefix-map=/home/kyrie/CTF/2024/defcon/libprce3/deb/pcre3-8.39=. -flto=auto -ffat-lto-objects -flto=auto -ffat-lto-objects -fstack-protector-strong -Wformat -Werror=format-security -Wall -Wdate-time -D_FORTIFY_SOURCE=2 conftest.c >&5
configure:9479: $? = 0
configure:9483: /usr/bin/x86_64-linux-gnu-nm -B conftest.o | sed -n -e 's/^.*[	 ]\([ABCDGIRSTW][ABCDGIRSTW]*\)[	 ][	 ]*\([_A-Za-z][_A-Za-z0-9]*\)$/\1 \2 \2/p' | sed '/ __gnu_lto/d' > conftest.nm
configure:9549: x86_64-linux-gnu-gcc -o conftest -g -O2 -ffile-prefix-map=/home/kyrie/CTF/2024/defcon/libprce3/deb/pcre3-8.39=. -flto=auto -ffat-lto-objects -flto=auto -ffat-lto-objects -fstack-protector-strong -Wformat -Werror=format-security -Wall -Wdate-time -D_FORTIFY_SOURCE=2 -Wl,-Bsymbolic-functions -flto=auto -ffat-lto-objects -flto=auto -Wl,-z,relro -Wl,-z,now conftest.c conftstm.o >&5
configure:9552: $? = 0
configure:9590: result: ok
configure:9637: checking for sysroot
configure:9668: result: no
configure:9675: checking for a working dd
configure:9719: result: /usr/bin/dd
configure:9723: checking how to truncate binary pipes
configure:9739: result: /usr/bin/dd bs=4096 count=1
configure:9876: x86_64-linux-gnu-gcc -c -g -O2 -ffile-prefix-map=/home/kyrie/CTF/2024/defcon/libprce3/deb/pcre3-8.39=. -flto=auto -ffat-lto-objects -flto=auto -ffat-lto-objects -fstack-protector-strong -Wformat -Werror=format-security -Wall -Wdate-time -D_FORTIFY_SOURCE=2 conftest.c >&5
configure:9879: $? = 0
configure:10031: checking for x86_64-linux-gnu-mt
configure:10066: result: no
configure:10076: checking for mt
configure:10097: found /usr/bin/mt
configure:10108: result: mt
configure:10131: checking if mt is a manifest tool
configure:10138: mt '-?'
configure:10146: result: no
configure:10872: checking for dlfcn.h
configure:10872: x86_64-linux-gnu-gcc -c -g -O2 -ffile-prefix-map=/home/kyrie/CTF/2024/defcon/libprce3/deb/pcre3-8.39=. -flto=auto -ffat-lto-objects -flto=auto -ffat-lto-objects -fstack-protector-strong -Wformat -Werror=format-security -Wall -Wdate-time -D_FORTIFY_SOURCE=2 conftest.c >&5
configure:10872: $? = 0
configure:10872: result: yes
configure:11139: checking for objdir
configure:11155: result: .libs
configure:11419: checking if x86_64-linux-gnu-gcc supports -fno-rtti -fno-exceptions
configure:11438: x86_64-linux-gnu-gcc -c -g -O2 -ffile-prefix-map=/home/kyrie/CTF/2024/defcon/libprce3/deb/pcre3-8.39=. -flto=auto -ffat-lto-objects -flto=auto -ffat-lto-objects -fstack-protector-strong -Wformat -Werror=format-security -Wall -Wdate-time -D_FORTIFY_SOURCE=2 -fno-rtti -fno-exceptions conftest.c >&5
cc1: warning: command-line option '-fno-rtti' is valid for C++/D/ObjC++ but not for C
configure:11442: $? = 0
configure:11455: result: no
configure:11819: checking for x86_64-linux-gnu-gcc option to produce PIC
configure:11827: result: -fPIC -DPIC
configure:11835: checking if x86_64-linux-gnu-gcc PIC flag -fPIC -DPIC works
configure:11854: x86_64-linux-gnu-gcc -c -g -O2 -ffile-prefix-map=/home/kyrie/CTF/2024/defcon/libprce3/deb/pcre3-8.39=. -flto=auto -ffat-lto-objects -flto=auto -ffat-lto-objects -fstack-protector-strong -Wformat -Werror=format-security -Wall -Wdate-time -D_FORTIFY_SOURCE=2 -fPIC -DPIC -DPIC conftest.c >&5
configure:11858: $? = 0
configure:11871: result: yes
configure:11900: checking if x86_64-linux-gnu-gcc static flag -static works
configure:11929: result: yes
configure:11944: checking if x86_64-linux-gnu-gcc supports -c -o file.o
configure:11966: x86_64-linux-gnu-gcc -c -g -O2 -ffile-prefix-map=/home/kyrie/CTF/2024/defcon/libprce3/deb/pcre3-8.39=. -flto=auto -ffat-lto-objects -flto=auto -ffat-lto-objects -fstack-protector-strong -Wformat -Werror=format-security -Wall -Wdate-time -D_FORTIFY_SOURCE=2 -o out/conftest2.o conftest.c >&5
configure:11970: $? = 0
configure:11992: result: yes
configure:12000: checking if x86_64-linux-gnu-gcc supports -c -o file.o
configure:12048: result: yes
configure:12081: checking whether the x86_64-linux-gnu-gcc linker (/usr/bin/ld -m elf_x86_64) supports shared libraries
configure:13351: result: yes
configure:13388: checking whether -lc should be explicitly linked in
configure:13397: x86_64-linux-gnu-gcc -c -g -O2 -ffile-prefix-map=/home/kyrie/CTF/2024/defcon/libprce3/deb/pcre3-8.39=. -flto=auto -ffat-lto-objects -flto=auto -ffat-lto-objects -fstack-protector-strong -Wformat -Werror=format-security -Wall -Wdate-time -D_FORTIFY_SOURCE=2 conftest.c >&5
configure:13400: $? = 0
configure:13415: x86_64-linux-gnu-gcc -shared  -fPIC -DPIC conftest.o  -v -Wl,-soname -Wl,conftest -o conftest 2\>\&1 \| /usr/bin/grep  -lc  \>/dev/null 2\>\&1
configure:13418: $? = 0
configure:13432: result: no
configure:13592: checking dynamic linker characteristics
configure:14174: x86_64-linux-gnu-gcc -o conftest -g -O2 -ffile-prefix-map=/home/kyrie/CTF/2024/defcon/libprce3/deb/pcre3-8.39=. -flto=auto -ffat-lto-objects -flto=auto -ffat-lto-objects -fstack-protector-strong -Wformat -Werror=format-security -Wall -Wdate-time -D_FORTIFY_SOURCE=2 -Wl,-Bsymbolic-functions -flto=auto -ffat-lto-objects -flto=auto -Wl,-z,relro -Wl,-z,now -Wl,-rpath -Wl,/foo conftest.c  >&5
configure:14174: $? = 0
configure:14425: result: GNU/Linux ld.so
configure:14547: checking how to hardcode library paths into programs
configure:14572: result: immediate
configure:15124: checking whether stripping libraries is possible
configure:15129: result: yes
configure:15164: checking if libtool supports shared libraries
configure:15166: result: yes
configure:15169: checking whether to build shared libraries
configure:15194: result: yes
configure:15197: checking whether to build static libraries
configure:15201: result: yes
configure:15224: checking how to run the C++ preprocessor
configure:15246: x86_64-linux-gnu-g++ -E -Wdate-time -D_FORTIFY_SOURCE=2 conftest.cpp
configure:15246: $? = 0
configure:15261: x86_64-linux-gnu-g++ -E -Wdate-time -D_FORTIFY_SOURCE=2 conftest.cpp
conftest.cpp:23:10: fatal error: ac_nonexistent.h: No such file or directory
   23 | #include <ac_nonexistent.h>
      |          ^~~~~~~~~~~~~~~~~~
compilation terminated.
configure:15261: $? = 1
configure: failed program was:
| /* confdefs.h */
| #define PACKAGE_NAME "PCRE"
| #define PACKAGE_TARNAME "pcre"
| #define PACKAGE_VERSION "8.39"
| #define PACKAGE_STRING "PCRE 8.39"
| #define PACKAGE_BUGREPORT ""
| #define PACKAGE_URL ""
| #define PACKAGE "pcre"
| #define VERSION "8.39"
| #define HAVE_STDIO_H 1
| #define HAVE_STDLIB_H 1
| #define HAVE_STRING_H 1
| #define HAVE_INTTYPES_H 1
| #define HAVE_STDINT_H 1
| #define HAVE_STRINGS_H 1
| #define HAVE_SYS_STAT_H 1
| #define HAVE_SYS_TYPES_H 1
| #define HAVE_UNISTD_H 1
| #define STDC_HEADERS 1
| #define HAVE_DLFCN_H 1
| #define LT_OBJDIR ".libs/"
| /* end confdefs.h.  */
| #include <ac_nonexistent.h>
configure:15288: result: x86_64-linux-gnu-g++ -E
configure:15302: x86_64-linux-gnu-g++ -E -Wdate-time -D_FORTIFY_SOURCE=2 conftest.cpp
configure:15302: $? = 0
configure:15317: x86_64-linux-gnu-g++ -E -Wdate-time -D_FORTIFY_SOURCE=2 conftest.cpp
conftest.cpp:23:10: fatal error: ac_nonexistent.h: No such file or directory
   23 | #include <ac_nonexistent.h>
      |          ^~~~~~~~~~~~~~~~~~
compilation terminated.
configure:15317: $? = 1
configure: failed program was:
| /* confdefs.h */
| #define PACKAGE_NAME "PCRE"
| #define PACKAGE_TARNAME "pcre"
| #define PACKAGE_VERSION "8.39"
| #define PACKAGE_STRING "PCRE 8.39"
| #define PACKAGE_BUGREPORT ""
| #define PACKAGE_URL ""
| #define PACKAGE "pcre"
| #define VERSION "8.39"
| #define HAVE_STDIO_H 1
| #define HAVE_STDLIB_H 1
| #define HAVE_STRING_H 1
| #define HAVE_INTTYPES_H 1
| #define HAVE_STDINT_H 1
| #define HAVE_STRINGS_H 1
| #define HAVE_SYS_STAT_H 1
| #define HAVE_SYS_TYPES_H 1
| #define HAVE_UNISTD_H 1
| #define STDC_HEADERS 1
| #define HAVE_DLFCN_H 1
| #define LT_OBJDIR ".libs/"
| /* end confdefs.h.  */
| #include <ac_nonexistent.h>
configure:15482: checking for ld used by x86_64-linux-gnu-g++
configure:15550: result: /usr/bin/ld -m elf_x86_64
configure:15557: checking if the linker (/usr/bin/ld -m elf_x86_64) is GNU ld
configure:15573: result: yes
configure:15628: checking whether the x86_64-linux-gnu-g++ linker (/usr/bin/ld -m elf_x86_64) supports shared libraries
configure:16705: result: yes
configure:16741: x86_64-linux-gnu-g++ -c -g -O2 -ffile-prefix-map=/home/kyrie/CTF/2024/defcon/libprce3/deb/pcre3-8.39=. -flto=auto -ffat-lto-objects -flto=auto -ffat-lto-objects -fstack-protector-strong -Wformat -Werror=format-security -Wdate-time -D_FORTIFY_SOURCE=2 conftest.cpp >&5
configure:16744: $? = 0
configure:17225: checking for x86_64-linux-gnu-g++ option to produce PIC
configure:17233: result: -fPIC -DPIC
configure:17241: checking if x86_64-linux-gnu-g++ PIC flag -fPIC -DPIC works
configure:17260: x86_64-linux-gnu-g++ -c -g -O2 -ffile-prefix-map=/home/kyrie/CTF/2024/defcon/libprce3/deb/pcre3-8.39=. -flto=auto -ffat-lto-objects -flto=auto -ffat-lto-objects -fstack-protector-strong -Wformat -Werror=format-security -Wdate-time -D_FORTIFY_SOURCE=2 -fPIC -DPIC -DPIC conftest.cpp >&5
configure:17264: $? = 0
configure:17277: result: yes
configure:17300: checking if x86_64-linux-gnu-g++ static flag -static works
configure:17329: result: yes
configure:17341: checking if x86_64-linux-gnu-g++ supports -c -o file.o
configure:17363: x86_64-linux-gnu-g++ -c -g -O2 -ffile-prefix-map=/home/kyrie/CTF/2024/defcon/libprce3/deb/pcre3-8.39=. -flto=auto -ffat-lto-objects -flto=auto -ffat-lto-objects -fstack-protector-strong -Wformat -Werror=format-security -Wdate-time -D_FORTIFY_SOURCE=2 -o out/conftest2.o conftest.cpp >&5
configure:17367: $? = 0
configure:17389: result: yes
configure:17394: checking if x86_64-linux-gnu-g++ supports -c -o file.o
configure:17442: result: yes
configure:17472: checking whether the x86_64-linux-gnu-g++ linker (/usr/bin/ld -m elf_x86_64) supports shared libraries
configure:17515: result: yes
configure:17657: checking dynamic linker characteristics
configure:18417: result: GNU/Linux ld.so
configure:18482: checking how to hardcode library paths into programs
configure:18507: result: immediate
configure:18568: checking whether ln -s works
configure:18572: result: yes
configure:18588: checking whether the -Werror option is usable
configure:18608: x86_64-linux-gnu-gcc -c -g -O2 -ffile-prefix-map=/home/kyrie/CTF/2024/defcon/libprce3/deb/pcre3-8.39=. -flto=auto -ffat-lto-objects -flto=auto -ffat-lto-objects -fstack-protector-strong -Wformat -Werror=format-security -Wall -Werror -Wdate-time -D_FORTIFY_SOURCE=2 conftest.c >&5
configure:18608: $? = 0
configure:18618: result: yes
configure:18620: checking for simple visibility declarations
configure:18648: x86_64-linux-gnu-gcc -c -g -O2 -ffile-prefix-map=/home/kyrie/CTF/2024/defcon/libprce3/deb/pcre3-8.39=. -flto=auto -ffat-lto-objects -flto=auto -ffat-lto-objects -fstack-protector-strong -Wformat -Werror=format-security -Wall -fvisibility=hidden -Werror -Wdate-time -D_FORTIFY_SOURCE=2 conftest.c >&5
configure:18648: $? = 0
configure:18658: result: yes
configure:19159: checking for egrep
configure:19227: result: /usr/bin/grep -E
configure:19233: checking for limits.h
configure:19233: x86_64-linux-gnu-gcc -c -g -O2 -ffile-prefix-map=/home/kyrie/CTF/2024/defcon/libprce3/deb/pcre3-8.39=. -flto=auto -ffat-lto-objects -flto=auto -ffat-lto-objects -fstack-protector-strong -Wformat -Werror=format-security -Wall -Wdate-time -D_FORTIFY_SOURCE=2 conftest.c >&5
configure:19233: $? = 0
configure:19233: result: yes
configure:19239: checking for sys/types.h
configure:19239: result: yes
configure:19245: checking for sys/stat.h
configure:19245: result: yes
configure:19251: checking for dirent.h
configure:19251: x86_64-linux-gnu-gcc -c -g -O2 -ffile-prefix-map=/home/kyrie/CTF/2024/defcon/libprce3/deb/pcre3-8.39=. -flto=auto -ffat-lto-objects -flto=auto -ffat-lto-objects -fstack-protector-strong -Wformat -Werror=format-security -Wall -Wdate-time -D_FORTIFY_SOURCE=2 conftest.c >&5
configure:19251: $? = 0
configure:19251: result: yes
configure:19260: checking for windows.h
configure:19260: x86_64-linux-gnu-gcc -c -g -O2 -ffile-prefix-map=/home/kyrie/CTF/2024/defcon/libprce3/deb/pcre3-8.39=. -flto=auto -ffat-lto-objects -flto=auto -ffat-lto-objects -fstack-protector-strong -Wformat -Werror=format-security -Wall -Wdate-time -D_FORTIFY_SOURCE=2 conftest.c >&5
conftest.c:63:10: fatal error: windows.h: No such file or directory
   63 | #include <windows.h>
      |          ^~~~~~~~~~~
compilation terminated.
configure:19260: $? = 1
configure: failed program was:
| /* confdefs.h */
| #define PACKAGE_NAME "PCRE"
| #define PACKAGE_TARNAME "pcre"
| #define PACKAGE_VERSION "8.39"
| #define PACKAGE_STRING "PCRE 8.39"
| #define PACKAGE_BUGREPORT ""
| #define PACKAGE_URL ""
| #define PACKAGE "pcre"
| #define VERSION "8.39"
| #define HAVE_STDIO_H 1
| #define HAVE_STDLIB_H 1
| #define HAVE_STRING_H 1
| #define HAVE_INTTYPES_H 1
| #define HAVE_STDINT_H 1
| #define HAVE_STRINGS_H 1
| #define HAVE_SYS_STAT_H 1
| #define HAVE_SYS_TYPES_H 1
| #define HAVE_UNISTD_H 1
| #define STDC_HEADERS 1
| #define HAVE_DLFCN_H 1
| #define LT_OBJDIR ".libs/"
| #define PCRE_EXP_DECL extern __attribute__ ((visibility ("default")))
| #define PCRE_EXP_DEFN __attribute__ ((visibility ("default")))
| #define PCRE_EXP_DATA_DEFN __attribute__ ((visibility ("default")))
| #define PCREPOSIX_EXP_DECL extern __attribute__ ((visibility ("default")))
| #define PCREPOSIX_EXP_DEFN extern __attribute__ ((visibility ("default")))
| #define PCRECPP_EXP_DECL extern __attribute__ ((visibility ("default")))
| #define PCRECPP_EXP_DEFN __attribute__ ((visibility ("default")))
| #define HAVE_VISIBILITY 1
| #define HAVE_LIMITS_H 1
| #define HAVE_SYS_TYPES_H 1
| #define HAVE_SYS_STAT_H 1
| #define HAVE_DIRENT_H 1
| /* end confdefs.h.  */
| #include <stddef.h>
| #ifdef HAVE_STDIO_H
| # include <stdio.h>
| #endif
| #ifdef HAVE_STDLIB_H
| # include <stdlib.h>
| #endif
| #ifdef HAVE_STRING_H
| # include <string.h>
| #endif
| #ifdef HAVE_INTTYPES_H
| # include <inttypes.h>
| #endif
| #ifdef HAVE_STDINT_H
| # include <stdint.h>
| #endif
| #ifdef HAVE_STRINGS_H
| # include <strings.h>
| #endif
| #ifdef HAVE_SYS_TYPES_H
| # include <sys/types.h>
| #endif
| #ifdef HAVE_SYS_STAT_H
| # include <sys/stat.h>
| #endif
| #ifdef HAVE_UNISTD_H
| # include <unistd.h>
| #endif
| #include <windows.h>
configure:19260: result: no
configure:19294: checking for alias support in the linker
configure:19313: x86_64-linux-gnu-g++ -o conftest -g -O2 -ffile-prefix-map=/home/kyrie/CTF/2024/defcon/libprce3/deb/pcre3-8.39=. -flto=auto -ffat-lto-objects -flto=auto -ffat-lto-objects -fstack-protector-strong -Wformat -Werror=format-security -Wdate-time -D_FORTIFY_SOURCE=2 -Wl,-Bsymbolic-functions -flto=auto -ffat-lto-objects -flto=auto -Wl,-z,relro -Wl,-z,now -Wl,-alias,__ZN7pcrecpp2RE6no_argE,__ZN7pcrecpp6no_argE conftest.cpp  >&5
/usr/bin/ld: unrecognized -a option `lias'
collect2: error: ld returned 1 exit status
configure:19313: $? = 1
configure: failed program was:
| /* confdefs.h */
| #define PACKAGE_NAME "PCRE"
| #define PACKAGE_TARNAME "pcre"
| #define PACKAGE_VERSION "8.39"
| #define PACKAGE_STRING "PCRE 8.39"
| #define PACKAGE_BUGREPORT ""
| #define PACKAGE_URL ""
| #define PACKAGE "pcre"
| #define VERSION "8.39"
| #define HAVE_STDIO_H 1
| #define HAVE_STDLIB_H 1
| #define HAVE_STRING_H 1
| #define HAVE_INTTYPES_H 1
| #define HAVE_STDINT_H 1
| #define HAVE_STRINGS_H 1
| #define HAVE_SYS_STAT_H 1
| #define HAVE_SYS_TYPES_H 1
| #define HAVE_UNISTD_H 1
| #define STDC_HEADERS 1
| #define HAVE_DLFCN_H 1
| #define LT_OBJDIR ".libs/"
| #define PCRE_EXP_DECL extern __attribute__ ((visibility ("default")))
| #define PCRE_EXP_DEFN __attribute__ ((visibility ("default")))
| #define PCRE_EXP_DATA_DEFN __attribute__ ((visibility ("default")))
| #define PCREPOSIX_EXP_DECL extern __attribute__ ((visibility ("default")))
| #define PCREPOSIX_EXP_DEFN extern __attribute__ ((visibility ("default")))
| #define PCRECPP_EXP_DECL extern __attribute__ ((visibility ("default")))
| #define PCRECPP_EXP_DEFN __attribute__ ((visibility ("default")))
| #define HAVE_VISIBILITY 1
| #define HAVE_LIMITS_H 1
| #define HAVE_SYS_TYPES_H 1
| #define HAVE_SYS_STAT_H 1
| #define HAVE_DIRENT_H 1
| /* end confdefs.h.  */
| namespace pcrecpp {
|                                     class RE { static int no_arg; };
|                                     int RE::no_arg;
|                                   }
| int
| main (void)
| {
| 
|   ;
|   return 0;
| }
configure:19320: result: no
configure:19294: checking for alias support in the linker
configure:19313: x86_64-linux-gnu-g++ -o conftest -g -O2 -ffile-prefix-map=/home/kyrie/CTF/2024/defcon/libprce3/deb/pcre3-8.39=. -flto=auto -ffat-lto-objects -flto=auto -ffat-lto-objects -fstack-protector-strong -Wformat -Werror=format-security -Wdate-time -D_FORTIFY_SOURCE=2 -Wl,-Bsymbolic-functions -flto=auto -ffat-lto-objects -flto=auto -Wl,-z,relro -Wl,-z,now -Wl,-i__ZN7pcrecpp6no_argE:__ZN7pcrecpp2RE6no_argE conftest.cpp  >&5
/usr/bin/ld: unrecognised option: -i__ZN7pcrecpp6no_argE:__ZN7pcrecpp2RE6no_argE
collect2: error: ld returned 1 exit status
configure:19313: $? = 1
configure: failed program was:
| /* confdefs.h */
| #define PACKAGE_NAME "PCRE"
| #define PACKAGE_TARNAME "pcre"
| #define PACKAGE_VERSION "8.39"
| #define PACKAGE_STRING "PCRE 8.39"
| #define PACKAGE_BUGREPORT ""
| #define PACKAGE_URL ""
| #define PACKAGE "pcre"
| #define VERSION "8.39"
| #define HAVE_STDIO_H 1
| #define HAVE_STDLIB_H 1
| #define HAVE_STRING_H 1
| #define HAVE_INTTYPES_H 1
| #define HAVE_STDINT_H 1
| #define HAVE_STRINGS_H 1
| #define HAVE_SYS_STAT_H 1
| #define HAVE_SYS_TYPES_H 1
| #define HAVE_UNISTD_H 1
| #define STDC_HEADERS 1
| #define HAVE_DLFCN_H 1
| #define LT_OBJDIR ".libs/"
| #define PCRE_EXP_DECL extern __attribute__ ((visibility ("default")))
| #define PCRE_EXP_DEFN __attribute__ ((visibility ("default")))
| #define PCRE_EXP_DATA_DEFN __attribute__ ((visibility ("default")))
| #define PCREPOSIX_EXP_DECL extern __attribute__ ((visibility ("default")))
| #define PCREPOSIX_EXP_DEFN extern __attribute__ ((visibility ("default")))
| #define PCRECPP_EXP_DECL extern __attribute__ ((visibility ("default")))
| #define PCRECPP_EXP_DEFN __attribute__ ((visibility ("default")))
| #define HAVE_VISIBILITY 1
| #define HAVE_LIMITS_H 1
| #define HAVE_SYS_TYPES_H 1
| #define HAVE_SYS_STAT_H 1
| #define HAVE_DIRENT_H 1
| /* end confdefs.h.  */
| namespace pcrecpp {
|                                     class RE { static int no_arg; };
|                                     int RE::no_arg;
|                                   }
| int
| main (void)
| {
| 
|   ;
|   return 0;
| }
configure:19320: result: no
configure:19333: checking for string
configure:19333: x86_64-linux-gnu-g++ -c -g -O2 -ffile-prefix-map=/home/kyrie/CTF/2024/defcon/libprce3/deb/pcre3-8.39=. -flto=auto -ffat-lto-objects -flto=auto -ffat-lto-objects -fstack-protector-strong -Wformat -Werror=format-security -Wdate-time -D_FORTIFY_SOURCE=2 conftest.cpp >&5
configure:19333: $? = 0
configure:19333: result: yes
configure:19345: checking for bits/type_traits.h
configure:19345: x86_64-linux-gnu-g++ -c -g -O2 -ffile-prefix-map=/home/kyrie/CTF/2024/defcon/libprce3/deb/pcre3-8.39=. -flto=auto -ffat-lto-objects -flto=auto -ffat-lto-objects -fstack-protector-strong -Wformat -Werror=format-security -Wdate-time -D_FORTIFY_SOURCE=2 conftest.cpp >&5
conftest.cpp:64:10: fatal error: bits/type_traits.h: No such file or directory
   64 | #include <bits/type_traits.h>
      |          ^~~~~~~~~~~~~~~~~~~~
compilation terminated.
configure:19345: $? = 1
configure: failed program was:
| /* confdefs.h */
| #define PACKAGE_NAME "PCRE"
| #define PACKAGE_TARNAME "pcre"
| #define PACKAGE_VERSION "8.39"
| #define PACKAGE_STRING "PCRE 8.39"
| #define PACKAGE_BUGREPORT ""
| #define PACKAGE_URL ""
| #define PACKAGE "pcre"
| #define VERSION "8.39"
| #define HAVE_STDIO_H 1
| #define HAVE_STDLIB_H 1
| #define HAVE_STRING_H 1
| #define HAVE_INTTYPES_H 1
| #define HAVE_STDINT_H 1
| #define HAVE_STRINGS_H 1
| #define HAVE_SYS_STAT_H 1
| #define HAVE_SYS_TYPES_H 1
| #define HAVE_UNISTD_H 1
| #define STDC_HEADERS 1
| #define HAVE_DLFCN_H 1
| #define LT_OBJDIR ".libs/"
| #define PCRE_EXP_DECL extern __attribute__ ((visibility ("default")))
| #define PCRE_EXP_DEFN __attribute__ ((visibility ("default")))
| #define PCRE_EXP_DATA_DEFN __attribute__ ((visibility ("default")))
| #define PCREPOSIX_EXP_DECL extern __attribute__ ((visibility ("default")))
| #define PCREPOSIX_EXP_DEFN extern __attribute__ ((visibility ("default")))
| #define PCRECPP_EXP_DECL extern __attribute__ ((visibility ("default")))
| #define PCRECPP_EXP_DEFN __attribute__ ((visibility ("default")))
| #define HAVE_VISIBILITY 1
| #define HAVE_LIMITS_H 1
| #define HAVE_SYS_TYPES_H 1
| #define HAVE_SYS_STAT_H 1
| #define HAVE_DIRENT_H 1
| #define HAVE_STRING 1
| /* end confdefs.h.  */
| #include <stddef.h>
| #ifdef HAVE_STDIO_H
| # include <stdio.h>
| #endif
| #ifdef HAVE_STDLIB_H
| # include <stdlib.h>
| #endif
| #ifdef HAVE_STRING_H
| # include <string.h>
| #endif
| #ifdef HAVE_INTTYPES_H
| # include <inttypes.h>
| #endif
| #ifdef HAVE_STDINT_H
| # include <stdint.h>
| #endif
| #ifdef HAVE_STRINGS_H
| # include <strings.h>
| #endif
| #ifdef HAVE_SYS_TYPES_H
| # include <sys/types.h>
| #endif
| #ifdef HAVE_SYS_STAT_H
| # include <sys/stat.h>
| #endif
| #ifdef HAVE_UNISTD_H
| # include <unistd.h>
| #endif
| #include <bits/type_traits.h>
configure:19345: result: no
configure:19357: checking for type_traits.h
configure:19357: x86_64-linux-gnu-g++ -c -g -O2 -ffile-prefix-map=/home/kyrie/CTF/2024/defcon/libprce3/deb/pcre3-8.39=. -flto=auto -ffat-lto-objects -flto=auto -ffat-lto-objects -fstack-protector-strong -Wformat -Werror=format-security -Wdate-time -D_FORTIFY_SOURCE=2 conftest.cpp >&5
conftest.cpp:64:10: fatal error: type_traits.h: No such file or directory
   64 | #include <type_traits.h>
      |          ^~~~~~~~~~~~~~~
compilation terminated.
configure:19357: $? = 1
configure: failed program was:
| /* confdefs.h */
| #define PACKAGE_NAME "PCRE"
| #define PACKAGE_TARNAME "pcre"
| #define PACKAGE_VERSION "8.39"
| #define PACKAGE_STRING "PCRE 8.39"
| #define PACKAGE_BUGREPORT ""
| #define PACKAGE_URL ""
| #define PACKAGE "pcre"
| #define VERSION "8.39"
| #define HAVE_STDIO_H 1
| #define HAVE_STDLIB_H 1
| #define HAVE_STRING_H 1
| #define HAVE_INTTYPES_H 1
| #define HAVE_STDINT_H 1
| #define HAVE_STRINGS_H 1
| #define HAVE_SYS_STAT_H 1
| #define HAVE_SYS_TYPES_H 1
| #define HAVE_UNISTD_H 1
| #define STDC_HEADERS 1
| #define HAVE_DLFCN_H 1
| #define LT_OBJDIR ".libs/"
| #define PCRE_EXP_DECL extern __attribute__ ((visibility ("default")))
| #define PCRE_EXP_DEFN __attribute__ ((visibility ("default")))
| #define PCRE_EXP_DATA_DEFN __attribute__ ((visibility ("default")))
| #define PCREPOSIX_EXP_DECL extern __attribute__ ((visibility ("default")))
| #define PCREPOSIX_EXP_DEFN extern __attribute__ ((visibility ("default")))
| #define PCRECPP_EXP_DECL extern __attribute__ ((visibility ("default")))
| #define PCRECPP_EXP_DEFN __attribute__ ((visibility ("default")))
| #define HAVE_VISIBILITY 1
| #define HAVE_LIMITS_H 1
| #define HAVE_SYS_TYPES_H 1
| #define HAVE_SYS_STAT_H 1
| #define HAVE_DIRENT_H 1
| #define HAVE_STRING 1
| /* end confdefs.h.  */
| #include <stddef.h>
| #ifdef HAVE_STDIO_H
| # include <stdio.h>
| #endif
| #ifdef HAVE_STDLIB_H
| # include <stdlib.h>
| #endif
| #ifdef HAVE_STRING_H
| # include <string.h>
| #endif
| #ifdef HAVE_INTTYPES_H
| # include <inttypes.h>
| #endif
| #ifdef HAVE_STDINT_H
| # include <stdint.h>
| #endif
| #ifdef HAVE_STRINGS_H
| # include <strings.h>
| #endif
| #ifdef HAVE_SYS_TYPES_H
| # include <sys/types.h>
| #endif
| #ifdef HAVE_SYS_STAT_H
| # include <sys/stat.h>
| #endif
| #ifdef HAVE_UNISTD_H
| # include <unistd.h>
| #endif
| #include <type_traits.h>
configure:19357: result: no
configure:19381: checking for strtoq
configure:19399: x86_64-linux-gnu-g++ -c -g -O2 -ffile-prefix-map=/home/kyrie/CTF/2024/defcon/libprce3/deb/pcre3-8.39=. -flto=auto -ffat-lto-objects -flto=auto -ffat-lto-objects -fstack-protector-strong -Wformat -Werror=format-security -Wdate-time -D_FORTIFY_SOURCE=2 conftest.cpp >&5
configure:19399: $? = 0
configure:19401: result: yes
configure:19418: checking for long long
configure:19418: x86_64-linux-gnu-g++ -c -g -O2 -ffile-prefix-map=/home/kyrie/CTF/2024/defcon/libprce3/deb/pcre3-8.39=. -flto=auto -ffat-lto-objects -flto=auto -ffat-lto-objects -fstack-protector-strong -Wformat -Werror=format-security -Wdate-time -D_FORTIFY_SOURCE=2 conftest.cpp >&5
configure:19418: $? = 0
configure:19418: x86_64-linux-gnu-g++ -c -g -O2 -ffile-prefix-map=/home/kyrie/CTF/2024/defcon/libprce3/deb/pcre3-8.39=. -flto=auto -ffat-lto-objects -flto=auto -ffat-lto-objects -fstack-protector-strong -Wformat -Werror=format-security -Wdate-time -D_FORTIFY_SOURCE=2 conftest.cpp >&5
conftest.cpp: In function 'int main()':
conftest.cpp:68:14: error: expected primary-expression before 'long'
   68 | if (sizeof ((long long)))
      |              ^~~~
conftest.cpp:68:14: error: expected ')' before 'long'
   68 | if (sizeof ((long long)))
      |             ~^~~~
      |              )
conftest.cpp:69:21: error: expected ')' before ';' token
   69 |             return 0;
      |                     ^
      |                     )
conftest.cpp:68:12: note: to match this '('
   68 | if (sizeof ((long long)))
      |            ^
conftest.cpp:69:21: error: expected ')' before ';' token
   69 |             return 0;
      |                     ^
      |                     )
conftest.cpp:68:4: note: to match this '('
   68 | if (sizeof ((long long)))
      |    ^
configure:19418: $? = 1
configure: failed program was:
| /* confdefs.h */
| #define PACKAGE_NAME "PCRE"
| #define PACKAGE_TARNAME "pcre"
| #define PACKAGE_VERSION "8.39"
| #define PACKAGE_STRING "PCRE 8.39"
| #define PACKAGE_BUGREPORT ""
| #define PACKAGE_URL ""
| #define PACKAGE "pcre"
| #define VERSION "8.39"
| #define HAVE_STDIO_H 1
| #define HAVE_STDLIB_H 1
| #define HAVE_STRING_H 1
| #define HAVE_INTTYPES_H 1
| #define HAVE_STDINT_H 1
| #define HAVE_STRINGS_H 1
| #define HAVE_SYS_STAT_H 1
| #define HAVE_SYS_TYPES_H 1
| #define HAVE_UNISTD_H 1
| #define STDC_HEADERS 1
| #define HAVE_DLFCN_H 1
| #define LT_OBJDIR ".libs/"
| #define PCRE_EXP_DECL extern __attribute__ ((visibility ("default")))
| #define PCRE_EXP_DEFN __attribute__ ((visibility ("default")))
| #define PCRE_EXP_DATA_DEFN __attribute__ ((visibility ("default")))
| #define PCREPOSIX_EXP_DECL extern __attribute__ ((visibility ("default")))
| #define PCREPOSIX_EXP_DEFN extern __attribute__ ((visibility ("default")))
| #define PCRECPP_EXP_DECL extern __attribute__ ((visibility ("default")))
| #define PCRECPP_EXP_DEFN __attribute__ ((visibility ("default")))
| #define HAVE_VISIBILITY 1
| #define HAVE_LIMITS_H 1
| #define HAVE_SYS_TYPES_H 1
| #define HAVE_SYS_STAT_H 1
| #define HAVE_DIRENT_H 1
| #define HAVE_STRING 1
| #define HAVE_STRTOQ 1
| /* end confdefs.h.  */
| #include <stddef.h>
| #ifdef HAVE_STDIO_H
| # include <stdio.h>
| #endif
| #ifdef HAVE_STDLIB_H
| # include <stdlib.h>
| #endif
| #ifdef HAVE_STRING_H
| # include <string.h>
| #endif
| #ifdef HAVE_INTTYPES_H
| # include <inttypes.h>
| #endif
| #ifdef HAVE_STDINT_H
| # include <stdint.h>
| #endif
| #ifdef HAVE_STRINGS_H
| # include <strings.h>
| #endif
| #ifdef HAVE_SYS_TYPES_H
| # include <sys/types.h>
| #endif
| #ifdef HAVE_SYS_STAT_H
| # include <sys/stat.h>
| #endif
| #ifdef HAVE_UNISTD_H
| # include <unistd.h>
| #endif
| int
| main (void)
| {
| if (sizeof ((long long)))
| 	    return 0;
|   ;
|   return 0;
| }
configure:19418: result: yes
configure:19429: checking for unsigned long long
configure:19429: x86_64-linux-gnu-g++ -c -g -O2 -ffile-prefix-map=/home/kyrie/CTF/2024/defcon/libprce3/deb/pcre3-8.39=. -flto=auto -ffat-lto-objects -flto=auto -ffat-lto-objects -fstack-protector-strong -Wformat -Werror=format-security -Wdate-time -D_FORTIFY_SOURCE=2 conftest.cpp >&5
configure:19429: $? = 0
configure:19429: x86_64-linux-gnu-g++ -c -g -O2 -ffile-prefix-map=/home/kyrie/CTF/2024/defcon/libprce3/deb/pcre3-8.39=. -flto=auto -ffat-lto-objects -flto=auto -ffat-lto-objects -fstack-protector-strong -Wformat -Werror=format-security -Wdate-time -D_FORTIFY_SOURCE=2 conftest.cpp >&5
conftest.cpp: In function 'int main()':
conftest.cpp:69:14: error: expected primary-expression before 'unsigned'
   69 | if (sizeof ((unsigned long long)))
      |              ^~~~~~~~
conftest.cpp:69:14: error: expected ')' before 'unsigned'
   69 | if (sizeof ((unsigned long long)))
      |             ~^~~~~~~~
      |              )
conftest.cpp:70:21: error: expected ')' before ';' token
   70 |             return 0;
      |                     ^
      |                     )
conftest.cpp:69:12: note: to match this '('
   69 | if (sizeof ((unsigned long long)))
      |            ^
conftest.cpp:70:21: error: expected ')' before ';' token
   70 |             return 0;
      |                     ^
      |                     )
conftest.cpp:69:4: note: to match this '('
   69 | if (sizeof ((unsigned long long)))
      |    ^
configure:19429: $? = 1
configure: failed program was:
| /* confdefs.h */
| #define PACKAGE_NAME "PCRE"
| #define PACKAGE_TARNAME "pcre"
| #define PACKAGE_VERSION "8.39"
| #define PACKAGE_STRING "PCRE 8.39"
| #define PACKAGE_BUGREPORT ""
| #define PACKAGE_URL ""
| #define PACKAGE "pcre"
| #define VERSION "8.39"
| #define HAVE_STDIO_H 1
| #define HAVE_STDLIB_H 1
| #define HAVE_STRING_H 1
| #define HAVE_INTTYPES_H 1
| #define HAVE_STDINT_H 1
| #define HAVE_STRINGS_H 1
| #define HAVE_SYS_STAT_H 1
| #define HAVE_SYS_TYPES_H 1
| #define HAVE_UNISTD_H 1
| #define STDC_HEADERS 1
| #define HAVE_DLFCN_H 1
| #define LT_OBJDIR ".libs/"
| #define PCRE_EXP_DECL extern __attribute__ ((visibility ("default")))
| #define PCRE_EXP_DEFN __attribute__ ((visibility ("default")))
| #define PCRE_EXP_DATA_DEFN __attribute__ ((visibility ("default")))
| #define PCREPOSIX_EXP_DECL extern __attribute__ ((visibility ("default")))
| #define PCREPOSIX_EXP_DEFN extern __attribute__ ((visibility ("default")))
| #define PCRECPP_EXP_DECL extern __attribute__ ((visibility ("default")))
| #define PCRECPP_EXP_DEFN __attribute__ ((visibility ("default")))
| #define HAVE_VISIBILITY 1
| #define HAVE_LIMITS_H 1
| #define HAVE_SYS_TYPES_H 1
| #define HAVE_SYS_STAT_H 1
| #define HAVE_DIRENT_H 1
| #define HAVE_STRING 1
| #define HAVE_STRTOQ 1
| #define HAVE_LONG_LONG 1
| /* end confdefs.h.  */
| #include <stddef.h>
| #ifdef HAVE_STDIO_H
| # include <stdio.h>
| #endif
| #ifdef HAVE_STDLIB_H
| # include <stdlib.h>
| #endif
| #ifdef HAVE_STRING_H
| # include <string.h>
| #endif
| #ifdef HAVE_INTTYPES_H
| # include <inttypes.h>
| #endif
| #ifdef HAVE_STDINT_H
| # include <stdint.h>
| #endif
| #ifdef HAVE_STRINGS_H
| # include <strings.h>
| #endif
| #ifdef HAVE_SYS_TYPES_H
| # include <sys/types.h>
| #endif
| #ifdef HAVE_SYS_STAT_H
| # include <sys/stat.h>
| #endif
| #ifdef HAVE_UNISTD_H
| # include <unistd.h>
| #endif
| int
| main (void)
| {
| if (sizeof ((unsigned long long)))
| 	    return 0;
|   ;
|   return 0;
| }
configure:19429: result: yes
configure:19526: checking for an ANSI C-conforming const
configure:19593: x86_64-linux-gnu-gcc -c -g -O2 -ffile-prefix-map=/home/kyrie/CTF/2024/defcon/libprce3/deb/pcre3-8.39=. -flto=auto -ffat-lto-objects -flto=auto -ffat-lto-objects -fstack-protector-strong -Wformat -Werror=format-security -Wall -Wdate-time -D_FORTIFY_SOURCE=2 conftest.c >&5
configure:19593: $? = 0
configure:19601: result: yes
configure:19609: checking for size_t
configure:19609: x86_64-linux-gnu-gcc -c -g -O2 -ffile-prefix-map=/home/kyrie/CTF/2024/defcon/libprce3/deb/pcre3-8.39=. -flto=auto -ffat-lto-objects -flto=auto -ffat-lto-objects -fstack-protector-strong -Wformat -Werror=format-security -Wall -Wdate-time -D_FORTIFY_SOURCE=2 conftest.c >&5
configure:19609: $? = 0
configure:19609: x86_64-linux-gnu-gcc -c -g -O2 -ffile-prefix-map=/home/kyrie/CTF/2024/defcon/libprce3/deb/pcre3-8.39=. -flto=auto -ffat-lto-objects -flto=auto -ffat-lto-objects -fstack-protector-strong -Wformat -Werror=format-security -Wall -Wdate-time -D_FORTIFY_SOURCE=2 conftest.c >&5
conftest.c: In function 'main':
conftest.c:70:21: error: expected expression before ')' token
   70 | if (sizeof ((size_t)))
      |                     ^
configure:19609: $? = 1
configure: failed program was:
| /* confdefs.h */
| #define PACKAGE_NAME "PCRE"
| #define PACKAGE_TARNAME "pcre"
| #define PACKAGE_VERSION "8.39"
| #define PACKAGE_STRING "PCRE 8.39"
| #define PACKAGE_BUGREPORT ""
| #define PACKAGE_URL ""
| #define PACKAGE "pcre"
| #define VERSION "8.39"
| #define HAVE_STDIO_H 1
| #define HAVE_STDLIB_H 1
| #define HAVE_STRING_H 1
| #define HAVE_INTTYPES_H 1
| #define HAVE_STDINT_H 1
| #define HAVE_STRINGS_H 1
| #define HAVE_SYS_STAT_H 1
| #define HAVE_SYS_TYPES_H 1
| #define HAVE_UNISTD_H 1
| #define STDC_HEADERS 1
| #define HAVE_DLFCN_H 1
| #define LT_OBJDIR ".libs/"
| #define PCRE_EXP_DECL extern __attribute__ ((visibility ("default")))
| #define PCRE_EXP_DEFN __attribute__ ((visibility ("default")))
| #define PCRE_EXP_DATA_DEFN __attribute__ ((visibility ("default")))
| #define PCREPOSIX_EXP_DECL extern __attribute__ ((visibility ("default")))
| #define PCREPOSIX_EXP_DEFN extern __attribute__ ((visibility ("default")))
| #define PCRECPP_EXP_DECL extern __attribute__ ((visibility ("default")))
| #define PCRECPP_EXP_DEFN __attribute__ ((visibility ("default")))
| #define HAVE_VISIBILITY 1
| #define HAVE_LIMITS_H 1
| #define HAVE_SYS_TYPES_H 1
| #define HAVE_SYS_STAT_H 1
| #define HAVE_DIRENT_H 1
| #define HAVE_STRING 1
| #define HAVE_STRTOQ 1
| #define HAVE_LONG_LONG 1
| #define HAVE_UNSIGNED_LONG_LONG 1
| /* end confdefs.h.  */
| #include <stddef.h>
| #ifdef HAVE_STDIO_H
| # include <stdio.h>
| #endif
| #ifdef HAVE_STDLIB_H
| # include <stdlib.h>
| #endif
| #ifdef HAVE_STRING_H
| # include <string.h>
| #endif
| #ifdef HAVE_INTTYPES_H
| # include <inttypes.h>
| #endif
| #ifdef HAVE_STDINT_H
| # include <stdint.h>
| #endif
| #ifdef HAVE_STRINGS_H
| # include <strings.h>
| #endif
| #ifdef HAVE_SYS_TYPES_H
| # include <sys/types.h>
| #endif
| #ifdef HAVE_SYS_STAT_H
| # include <sys/stat.h>
| #endif
| #ifdef HAVE_UNISTD_H
| # include <unistd.h>
| #endif
| int
| main (void)
| {
| if (sizeof ((size_t)))
| 	    return 0;
|   ;
|   return 0;
| }
configure:19609: result: yes
configure:19622: checking for bcopy
configure:19622: x86_64-linux-gnu-gcc -o conftest -g -O2 -ffile-prefix-map=/home/kyrie/CTF/2024/defcon/libprce3/deb/pcre3-8.39=. -flto=auto -ffat-lto-objects -flto=auto -ffat-lto-objects -fstack-protector-strong -Wformat -Werror=format-security -Wall -Wdate-time -D_FORTIFY_SOURCE=2 -Wl,-Bsymbolic-functions -flto=auto -ffat-lto-objects -flto=auto -Wl,-z,relro -Wl,-z,now conftest.c  >&5
conftest.c:55:6: warning: conflicting types for built-in function 'bcopy'; expected 'void(const void *, void *, long unsigned int)' [-Wbuiltin-declaration-mismatch]
   55 | char bcopy ();
      |      ^~~~~
configure:19622: $? = 0
configure:19622: result: yes
configure:19628: checking for memmove
configure:19628: x86_64-linux-gnu-gcc -o conftest -g -O2 -ffile-prefix-map=/home/kyrie/CTF/2024/defcon/libprce3/deb/pcre3-8.39=. -flto=auto -ffat-lto-objects -flto=auto -ffat-lto-objects -fstack-protector-strong -Wformat -Werror=format-security -Wall -Wdate-time -D_FORTIFY_SOURCE=2 -Wl,-Bsymbolic-functions -flto=auto -ffat-lto-objects -flto=auto -Wl,-z,relro -Wl,-z,now conftest.c  >&5
conftest.c:56:6: warning: conflicting types for built-in function 'memmove'; expected 'void *(void *, const void *, long unsigned int)' [-Wbuiltin-declaration-mismatch]
   56 | char memmove ();
      |      ^~~~~~~
conftest.c:48:1: note: 'memmove' is declared in header '<string.h>'
   47 | #include <limits.h>
   48 | #undef memmove
configure:19628: $? = 0
configure:19628: result: yes
configure:19634: checking for strerror
configure:19634: x86_64-linux-gnu-gcc -o conftest -g -O2 -ffile-prefix-map=/home/kyrie/CTF/2024/defcon/libprce3/deb/pcre3-8.39=. -flto=auto -ffat-lto-objects -flto=auto -ffat-lto-objects -fstack-protector-strong -Wformat -Werror=format-security -Wall -Wdate-time -D_FORTIFY_SOURCE=2 -Wl,-Bsymbolic-functions -flto=auto -ffat-lto-objects -flto=auto -Wl,-z,relro -Wl,-z,now conftest.c  >&5
configure:19634: $? = 0
configure:19634: result: yes
configure:19646: checking for zlib.h
configure:19646: x86_64-linux-gnu-gcc -c -g -O2 -ffile-prefix-map=/home/kyrie/CTF/2024/defcon/libprce3/deb/pcre3-8.39=. -flto=auto -ffat-lto-objects -flto=auto -ffat-lto-objects -fstack-protector-strong -Wformat -Werror=format-security -Wall -Wdate-time -D_FORTIFY_SOURCE=2 conftest.c >&5
configure:19646: $? = 0
configure:19646: result: yes
configure:19654: checking for gzopen in -lz
configure:19677: x86_64-linux-gnu-gcc -o conftest -g -O2 -ffile-prefix-map=/home/kyrie/CTF/2024/defcon/libprce3/deb/pcre3-8.39=. -flto=auto -ffat-lto-objects -flto=auto -ffat-lto-objects -fstack-protector-strong -Wformat -Werror=format-security -Wall -Wdate-time -D_FORTIFY_SOURCE=2 -Wl,-Bsymbolic-functions -flto=auto -ffat-lto-objects -flto=auto -Wl,-z,relro -Wl,-z,now conftest.c -lz   >&5
configure:19677: $? = 0
configure:19687: result: yes
configure:19713: checking for bzlib.h
configure:19713: x86_64-linux-gnu-gcc -c -g -O2 -ffile-prefix-map=/home/kyrie/CTF/2024/defcon/libprce3/deb/pcre3-8.39=. -flto=auto -ffat-lto-objects -flto=auto -ffat-lto-objects -fstack-protector-strong -Wformat -Werror=format-security -Wall -Wdate-time -D_FORTIFY_SOURCE=2 conftest.c >&5
conftest.c:71:10: fatal error: bzlib.h: No such file or directory
   71 | #include <bzlib.h>
      |          ^~~~~~~~~
compilation terminated.
configure:19713: $? = 1
configure: failed program was:
| /* confdefs.h */
| #define PACKAGE_NAME "PCRE"
| #define PACKAGE_TARNAME "pcre"
| #define PACKAGE_VERSION "8.39"
| #define PACKAGE_STRING "PCRE 8.39"
| #define PACKAGE_BUGREPORT ""
| #define PACKAGE_URL ""
| #define PACKAGE "pcre"
| #define VERSION "8.39"
| #define HAVE_STDIO_H 1
| #define HAVE_STDLIB_H 1
| #define HAVE_STRING_H 1
| #define HAVE_INTTYPES_H 1
| #define HAVE_STDINT_H 1
| #define HAVE_STRINGS_H 1
| #define HAVE_SYS_STAT_H 1
| #define HAVE_SYS_TYPES_H 1
| #define HAVE_UNISTD_H 1
| #define STDC_HEADERS 1
| #define HAVE_DLFCN_H 1
| #define LT_OBJDIR ".libs/"
| #define PCRE_EXP_DECL extern __attribute__ ((visibility ("default")))
| #define PCRE_EXP_DEFN __attribute__ ((visibility ("default")))
| #define PCRE_EXP_DATA_DEFN __attribute__ ((visibility ("default")))
| #define PCREPOSIX_EXP_DECL extern __attribute__ ((visibility ("default")))
| #define PCREPOSIX_EXP_DEFN extern __attribute__ ((visibility ("default")))
| #define PCRECPP_EXP_DECL extern __attribute__ ((visibility ("default")))
| #define PCRECPP_EXP_DEFN __attribute__ ((visibility ("default")))
| #define HAVE_VISIBILITY 1
| #define HAVE_LIMITS_H 1
| #define HAVE_SYS_TYPES_H 1
| #define HAVE_SYS_STAT_H 1
| #define HAVE_DIRENT_H 1
| #define HAVE_STRING 1
| #define HAVE_STRTOQ 1
| #define HAVE_LONG_LONG 1
| #define HAVE_UNSIGNED_LONG_LONG 1
| #define HAVE_BCOPY 1
| #define HAVE_MEMMOVE 1
| #define HAVE_STRERROR 1
| #define HAVE_ZLIB_H 1
| /* end confdefs.h.  */
| #include <stddef.h>
| #ifdef HAVE_STDIO_H
| # include <stdio.h>
| #endif
| #ifdef HAVE_STDLIB_H
| # include <stdlib.h>
| #endif
| #ifdef HAVE_STRING_H
| # include <string.h>
| #endif
| #ifdef HAVE_INTTYPES_H
| # include <inttypes.h>
| #endif
| #ifdef HAVE_STDINT_H
| # include <stdint.h>
| #endif
| #ifdef HAVE_STRINGS_H
| # include <strings.h>
| #endif
| #ifdef HAVE_SYS_TYPES_H
| # include <sys/types.h>
| #endif
| #ifdef HAVE_SYS_STAT_H
| # include <sys/stat.h>
| #endif
| #ifdef HAVE_UNISTD_H
| # include <unistd.h>
| #endif
| #include <bzlib.h>
configure:19713: result: no
configure:19726: checking for libbz2
configure:19744: x86_64-linux-gnu-gcc -o conftest -g -O2 -ffile-prefix-map=/home/kyrie/CTF/2024/defcon/libprce3/deb/pcre3-8.39=. -flto=auto -ffat-lto-objects -flto=auto -ffat-lto-objects -fstack-protector-strong -Wformat -Werror=format-security -Wall -Wdate-time -D_FORTIFY_SOURCE=2 -Wl,-Bsymbolic-functions -flto=auto -ffat-lto-objects -flto=auto -Wl,-z,relro -Wl,-z,now conftest.c  -lbz2 >&5
conftest.c: In function 'main':
conftest.c:50:13: warning: implicit declaration of function 'BZ2_bzopen' [-Wimplicit-function-declaration]
   50 | return (int)BZ2_bzopen("conftest", "rb");
      |             ^~~~~~~~~~
/usr/bin/ld: cannot find -lbz2: No such file or directory
collect2: error: ld returned 1 exit status
configure:19744: $? = 1
configure: failed program was:
| /* confdefs.h */
| #define PACKAGE_NAME "PCRE"
| #define PACKAGE_TARNAME "pcre"
| #define PACKAGE_VERSION "8.39"
| #define PACKAGE_STRING "PCRE 8.39"
| #define PACKAGE_BUGREPORT ""
| #define PACKAGE_URL ""
| #define PACKAGE "pcre"
| #define VERSION "8.39"
| #define HAVE_STDIO_H 1
| #define HAVE_STDLIB_H 1
| #define HAVE_STRING_H 1
| #define HAVE_INTTYPES_H 1
| #define HAVE_STDINT_H 1
| #define HAVE_STRINGS_H 1
| #define HAVE_SYS_STAT_H 1
| #define HAVE_SYS_TYPES_H 1
| #define HAVE_UNISTD_H 1
| #define STDC_HEADERS 1
| #define HAVE_DLFCN_H 1
| #define LT_OBJDIR ".libs/"
| #define PCRE_EXP_DECL extern __attribute__ ((visibility ("default")))
| #define PCRE_EXP_DEFN __attribute__ ((visibility ("default")))
| #define PCRE_EXP_DATA_DEFN __attribute__ ((visibility ("default")))
| #define PCREPOSIX_EXP_DECL extern __attribute__ ((visibility ("default")))
| #define PCREPOSIX_EXP_DEFN extern __attribute__ ((visibility ("default")))
| #define PCRECPP_EXP_DECL extern __attribute__ ((visibility ("default")))
| #define PCRECPP_EXP_DEFN __attribute__ ((visibility ("default")))
| #define HAVE_VISIBILITY 1
| #define HAVE_LIMITS_H 1
| #define HAVE_SYS_TYPES_H 1
| #define HAVE_SYS_STAT_H 1
| #define HAVE_DIRENT_H 1
| #define HAVE_STRING 1
| #define HAVE_STRTOQ 1
| #define HAVE_LONG_LONG 1
| #define HAVE_UNSIGNED_LONG_LONG 1
| #define HAVE_BCOPY 1
| #define HAVE_MEMMOVE 1
| #define HAVE_STRERROR 1
| #define HAVE_ZLIB_H 1
| /* end confdefs.h.  */
| 
| #ifdef HAVE_BZLIB_H
| #include <bzlib.h>
| #endif
| int
| main (void)
| {
| return (int)BZ2_bzopen("conftest", "rb");
|   ;
|   return 0;
| }
configure:19749: result: no
configure:20325: checking for the pthreads library -lpthreads
configure:20363: x86_64-linux-gnu-gcc -o conftest -g -O2 -ffile-prefix-map=/home/kyrie/CTF/2024/defcon/libprce3/deb/pcre3-8.39=. -flto=auto -ffat-lto-objects -flto=auto -ffat-lto-objects -fstack-protector-strong -Wformat -Werror=format-security -Wall  -Wdate-time -D_FORTIFY_SOURCE=2 -Wl,-Bsymbolic-functions -flto=auto -ffat-lto-objects -flto=auto -Wl,-z,relro -Wl,-z,now conftest.c -lpthreads  >&5
/usr/bin/ld: cannot find -lpthreads: No such file or directory
collect2: error: ld returned 1 exit status
configure:20363: $? = 1
configure: failed program was:
| /* confdefs.h */
| #define PACKAGE_NAME "PCRE"
| #define PACKAGE_TARNAME "pcre"
| #define PACKAGE_VERSION "8.39"
| #define PACKAGE_STRING "PCRE 8.39"
| #define PACKAGE_BUGREPORT ""
| #define PACKAGE_URL ""
| #define PACKAGE "pcre"
| #define VERSION "8.39"
| #define HAVE_STDIO_H 1
| #define HAVE_STDLIB_H 1
| #define HAVE_STRING_H 1
| #define HAVE_INTTYPES_H 1
| #define HAVE_STDINT_H 1
| #define HAVE_STRINGS_H 1
| #define HAVE_SYS_STAT_H 1
| #define HAVE_SYS_TYPES_H 1
| #define HAVE_UNISTD_H 1
| #define STDC_HEADERS 1
| #define HAVE_DLFCN_H 1
| #define LT_OBJDIR ".libs/"
| #define PCRE_EXP_DECL extern __attribute__ ((visibility ("default")))
| #define PCRE_EXP_DEFN __attribute__ ((visibility ("default")))
| #define PCRE_EXP_DATA_DEFN __attribute__ ((visibility ("default")))
| #define PCREPOSIX_EXP_DECL extern __attribute__ ((visibility ("default")))
| #define PCREPOSIX_EXP_DEFN extern __attribute__ ((visibility ("default")))
| #define PCRECPP_EXP_DECL extern __attribute__ ((visibility ("default")))
| #define PCRECPP_EXP_DEFN __attribute__ ((visibility ("default")))
| #define HAVE_VISIBILITY 1
| #define HAVE_LIMITS_H 1
| #define HAVE_SYS_TYPES_H 1
| #define HAVE_SYS_STAT_H 1
| #define HAVE_DIRENT_H 1
| #define HAVE_STRING 1
| #define HAVE_STRTOQ 1
| #define HAVE_LONG_LONG 1
| #define HAVE_UNSIGNED_LONG_LONG 1
| #define HAVE_BCOPY 1
| #define HAVE_MEMMOVE 1
| #define HAVE_STRERROR 1
| #define HAVE_ZLIB_H 1
| #define SUPPORT_PCRE8 /**/
| #define SUPPORT_PCRE16 /**/
| #define SUPPORT_PCRE32 /**/
| /* end confdefs.h.  */
| #include <pthread.h>
|                         static void routine(void *a) { a = 0; }
|                         static void *start_routine(void *a) { return a; }
| int
| main (void)
| {
| pthread_t th; pthread_attr_t attr;
|                         pthread_create(&th, 0, start_routine, 0);
|                         pthread_join(th, 0);
|                         pthread_attr_init(&attr);
|                         pthread_cleanup_push(routine, 0);
|                         pthread_cleanup_pop(0) /* ; */
|   ;
|   return 0;
| }
configure:20373: result: no
configure:20265: checking whether pthreads work without any flags
configure:20363: x86_64-linux-gnu-gcc -o conftest -g -O2 -ffile-prefix-map=/home/kyrie/CTF/2024/defcon/libprce3/deb/pcre3-8.39=. -flto=auto -ffat-lto-objects -flto=auto -ffat-lto-objects -fstack-protector-strong -Wformat -Werror=format-security -Wall  -Wdate-time -D_FORTIFY_SOURCE=2 -Wl,-Bsymbolic-functions -flto=auto -ffat-lto-objects -flto=auto -Wl,-z,relro -Wl,-z,now conftest.c   >&5
configure:20363: $? = 0
configure:20373: result: yes
configure:20392: checking for joinable pthread attribute
configure:20407: x86_64-linux-gnu-gcc -o conftest -g -O2 -ffile-prefix-map=/home/kyrie/CTF/2024/defcon/libprce3/deb/pcre3-8.39=. -flto=auto -ffat-lto-objects -flto=auto -ffat-lto-objects -fstack-protector-strong -Wformat -Werror=format-security -Wall  -Wdate-time -D_FORTIFY_SOURCE=2 -Wl,-Bsymbolic-functions -flto=auto -ffat-lto-objects -flto=auto -Wl,-z,relro -Wl,-z,now conftest.c   >&5
configure:20407: $? = 0
configure:20414: result: PTHREAD_CREATE_JOINABLE
configure:20422: checking if more special flags are required for pthreads
configure:20436: result: no
configure:20442: checking for PTHREAD_PRIO_INHERIT
configure:20461: x86_64-linux-gnu-gcc -o conftest -g -O2 -ffile-prefix-map=/home/kyrie/CTF/2024/defcon/libprce3/deb/pcre3-8.39=. -flto=auto -ffat-lto-objects -flto=auto -ffat-lto-objects -fstack-protector-strong -Wformat -Werror=format-security -Wall  -Wdate-time -D_FORTIFY_SOURCE=2 -Wl,-Bsymbolic-functions -flto=auto -ffat-lto-objects -flto=auto -Wl,-z,relro -Wl,-z,now conftest.c   >&5
conftest.c: In function 'main':
conftest.c:51:5: warning: unused variable 'i' [-Wunused-variable]
   51 | int i = PTHREAD_PRIO_INHERIT;
      |     ^
configure:20461: $? = 0
configure:20471: result: yes
configure:21320: checking that generated files are newer than configure
configure:21326: result: done
configure:21393: creating ./config.status

## ---------------------- ##
## Running config.status. ##
## ---------------------- ##

This file was extended by PCRE config.status 8.39, which was
generated by GNU Autoconf 2.71.  Invocation command line was

  CONFIG_FILES    = 
  CONFIG_HEADERS  = 
  CONFIG_LINKS    = 
  CONFIG_COMMANDS = 
  $ ./config.status 

on nvm

config.status:1253: creating Makefile
config.status:1253: creating libpcre.pc
config.status:1253: creating libpcre16.pc
config.status:1253: creating libpcre32.pc
config.status:1253: creating libpcreposix.pc
config.status:1253: creating libpcrecpp.pc
config.status:1253: creating pcre-config
config.status:1253: creating pcre.h
config.status:1253: creating pcre_stringpiece.h
config.status:1253: creating pcrecpparg.h
config.status:1253: creating config.h
config.status:1482: executing depfiles commands
config.status:1559: cd .       && sed -e '/# am--include-marker/d' Makefile         | make -f - am--depfiles
make[1]: Entering directory '/home/kyrie/CTF/2024/defcon/libprce3/deb/pcre3-8.39'
make[1]: Leaving directory '/home/kyrie/CTF/2024/defcon/libprce3/deb/pcre3-8.39'
config.status:1564: $? = 0
config.status:1482: executing libtool commands
config.status:1482: executing script-chmod commands
config.status:1482: executing delete-old-chartables commands

## ---------------- ##
## Cache variables. ##
## ---------------- ##

ac_cv_build=x86_64-pc-linux-gnu
ac_cv_c_compiler_gnu=yes
ac_cv_c_const=yes
ac_cv_c_int64_t=yes
ac_cv_cxx_compiler_gnu=yes
ac_cv_env_CCC_set=
ac_cv_env_CCC_value=
ac_cv_env_CC_set=
ac_cv_env_CC_value=
ac_cv_env_CFLAGS_set=set
ac_cv_env_CFLAGS_value='-g -O2 -ffile-prefix-map=/home/kyrie/CTF/2024/defcon/libprce3/deb/pcre3-8.39=. -flto=auto -ffat-lto-objects -flto=auto -ffat-lto-objects -fstack-protector-strong -Wformat -Werror=format-security -Wall'
ac_cv_env_CPPFLAGS_set=set
ac_cv_env_CPPFLAGS_value='-Wdate-time -D_FORTIFY_SOURCE=2'
ac_cv_env_CXXCPP_set=
ac_cv_env_CXXCPP_value=
ac_cv_env_CXXFLAGS_set=set
ac_cv_env_CXXFLAGS_value='-g -O2 -ffile-prefix-map=/home/kyrie/CTF/2024/defcon/libprce3/deb/pcre3-8.39=. -flto=auto -ffat-lto-objects -flto=auto -ffat-lto-objects -fstack-protector-strong -Wformat -Werror=format-security'
ac_cv_env_CXX_set=
ac_cv_env_CXX_value=
ac_cv_env_GENHTML_set=
ac_cv_env_GENHTML_value=
ac_cv_env_LCOV_set=
ac_cv_env_LCOV_value=
ac_cv_env_LDFLAGS_set=set
ac_cv_env_LDFLAGS_value='-Wl,-Bsymbolic-functions -flto=auto -ffat-lto-objects -flto=auto -Wl,-z,relro -Wl,-z,now'
ac_cv_env_LIBS_set=
ac_cv_env_LIBS_value=
ac_cv_env_LT_SYS_LIBRARY_PATH_set=
ac_cv_env_LT_SYS_LIBRARY_PATH_value=
ac_cv_env_PKG_CONFIG_LIBDIR_set=
ac_cv_env_PKG_CONFIG_LIBDIR_value=
ac_cv_env_PKG_CONFIG_PATH_set=
ac_cv_env_PKG_CONFIG_PATH_value=
ac_cv_env_PKG_CONFIG_set=
ac_cv_env_PKG_CONFIG_value=
ac_cv_env_VALGRIND_CFLAGS_set=
ac_cv_env_VALGRIND_CFLAGS_value=
ac_cv_env_VALGRIND_LIBS_set=
ac_cv_env_VALGRIND_LIBS_value=
ac_cv_env_build_alias_set=set
ac_cv_env_build_alias_value=x86_64-linux-gnu
ac_cv_env_host_alias_set=set
ac_cv_env_host_alias_value=x86_64-linux-gnu
ac_cv_env_target_alias_set=
ac_cv_env_target_alias_value=
ac_cv_func_bcopy=yes
ac_cv_func_memmove=yes
ac_cv_func_strerror=yes
ac_cv_header_bits_type_traits_h=no
ac_cv_header_bzlib_h=no
ac_cv_header_dirent_h=yes
ac_cv_header_dlfcn_h=yes
ac_cv_header_inttypes_h=yes
ac_cv_header_limits_h=yes
ac_cv_header_stdint_h=yes
ac_cv_header_stdio_h=yes
ac_cv_header_stdlib_h=yes
ac_cv_header_string=yes
ac_cv_header_string_h=yes
ac_cv_header_strings_h=yes
ac_cv_header_sys_stat_h=yes
ac_cv_header_sys_types_h=yes
ac_cv_header_type_traits_h=no
ac_cv_header_unistd_h=yes
ac_cv_header_windows_h=no
ac_cv_header_zlib_h=yes
ac_cv_host=x86_64-pc-linux-gnu
ac_cv_lib_z_gzopen=yes
ac_cv_objext=o
ac_cv_path_EGREP='/usr/bin/grep -E'
ac_cv_path_FGREP='/usr/bin/grep -F'
ac_cv_path_GREP=/usr/bin/grep
ac_cv_path_SED=/usr/bin/sed
ac_cv_path_install='/usr/bin/install -c'
ac_cv_path_lt_DD=/usr/bin/dd
ac_cv_path_mkdir=/usr/bin/mkdir
ac_cv_prog_AR=x86_64-linux-gnu-ar
ac_cv_prog_AWK=gawk
ac_cv_prog_CC=x86_64-linux-gnu-gcc
ac_cv_prog_CXX=x86_64-linux-gnu-g++
ac_cv_prog_CXXCPP='x86_64-linux-gnu-g++ -E'
ac_cv_prog_DLLTOOL=dlltool
ac_cv_prog_OBJDUMP=objdump
ac_cv_prog_RANLIB=x86_64-linux-gnu-ranlib
ac_cv_prog_STRIP=x86_64-linux-gnu-strip
ac_cv_prog_ac_ct_MANIFEST_TOOL=mt
ac_cv_prog_cc_c11=
ac_cv_prog_cc_g=yes
ac_cv_prog_cc_stdc=
ac_cv_prog_cxx_11=no
ac_cv_prog_cxx_cxx11=
ac_cv_prog_cxx_g=yes
ac_cv_prog_cxx_stdcxx=
ac_cv_prog_make_make_set=yes
ac_cv_type_long_long=yes
ac_cv_type_size_t=yes
ac_cv_type_unsigned_long_long=yes
am_cv_CC_dependencies_compiler_type=gcc3
am_cv_CXX_dependencies_compiler_type=gcc3
am_cv_ar_interface=ar
am_cv_make_support_nested_variables=yes
am_cv_prog_cc_c_o=yes
ax_cv_PTHREAD_PRIO_INHERIT=yes
lt_cv_ar_at_file=@
lt_cv_archive_cmds_need_lc=no
lt_cv_deplibs_check_method=pass_all
lt_cv_file_magic_cmd='$MAGIC_CMD'
lt_cv_file_magic_test_file=
lt_cv_ld_reload_flag=-r
lt_cv_nm_interface='BSD nm'
lt_cv_objdir=.libs
lt_cv_path_LD=/usr/bin/ld
lt_cv_path_LDCXX='/usr/bin/ld -m elf_x86_64'
lt_cv_path_NM='/usr/bin/x86_64-linux-gnu-nm -B'
lt_cv_path_mainfest_tool=no
lt_cv_prog_compiler_c_o=yes
lt_cv_prog_compiler_c_o_CXX=yes
lt_cv_prog_compiler_pic='-fPIC -DPIC'
lt_cv_prog_compiler_pic_CXX='-fPIC -DPIC'
lt_cv_prog_compiler_pic_works=yes
lt_cv_prog_compiler_pic_works_CXX=yes
lt_cv_prog_compiler_rtti_exceptions=no
lt_cv_prog_compiler_static_works=yes
lt_cv_prog_compiler_static_works_CXX=yes
lt_cv_prog_gnu_ld=yes
lt_cv_prog_gnu_ldcxx=yes
lt_cv_sharedlib_from_linklib_cmd='printf %s\n'
lt_cv_shlibpath_overrides_runpath=yes
lt_cv_sys_global_symbol_pipe='sed -n -e '\''s/^.*[	 ]\([ABCDGIRSTW][ABCDGIRSTW]*\)[	 ][	 ]*\([_A-Za-z][_A-Za-z0-9]*\)$/\1 \2 \2/p'\'' | sed '\''/ __gnu_lto/d'\'''
lt_cv_sys_global_symbol_to_c_name_address='sed -n -e '\''s/^: \(.*\) .*$/  {"\1", (void *) 0},/p'\'' -e '\''s/^[ABCDGIRSTW][ABCDGIRSTW]* .* \(.*\)$/  {"\1", (void *) \&\1},/p'\'''
lt_cv_sys_global_symbol_to_c_name_address_lib_prefix='sed -n -e '\''s/^: \(.*\) .*$/  {"\1", (void *) 0},/p'\'' -e '\''s/^[ABCDGIRSTW][ABCDGIRSTW]* .* \(lib.*\)$/  {"\1", (void *) \&\1},/p'\'' -e '\''s/^[ABCDGIRSTW][ABCDGIRSTW]* .* \(.*\)$/  {"lib\1", (void *) \&\1},/p'\'''
lt_cv_sys_global_symbol_to_cdecl='sed -n -e '\''s/^T .* \(.*\)$/extern int \1();/p'\'' -e '\''s/^[ABCDGIRSTW][ABCDGIRSTW]* .* \(.*\)$/extern char \1;/p'\'''
lt_cv_sys_global_symbol_to_import=
lt_cv_sys_max_cmd_len=1572864
lt_cv_to_host_file_cmd=func_convert_file_noop
lt_cv_to_tool_file_cmd=func_convert_file_noop
lt_cv_truncate_bin='/usr/bin/dd bs=4096 count=1'
pcre_cv_cc_vis_werror=yes
pcre_cv_cc_visibility=yes

## ----------------- ##
## Output variables. ##
## ----------------- ##

ACLOCAL='${SHELL} '\''/home/kyrie/CTF/2024/defcon/libprce3/deb/pcre3-8.39/missing'\'' aclocal-1.16'
AMDEPBACKSLASH='\'
AMDEP_FALSE='#'
AMDEP_TRUE=''
AMTAR='$${TAR-tar}'
AM_BACKSLASH='\'
AM_DEFAULT_V='$(AM_DEFAULT_VERBOSITY)'
AM_DEFAULT_VERBOSITY='1'
AM_V='$(V)'
AR='x86_64-linux-gnu-ar'
AS='as'
AUTOCONF='${SHELL} '\''/home/kyrie/CTF/2024/defcon/libprce3/deb/pcre3-8.39/missing'\'' autoconf'
AUTOHEADER='${SHELL} '\''/home/kyrie/CTF/2024/defcon/libprce3/deb/pcre3-8.39/missing'\'' autoheader'
AUTOMAKE='${SHELL} '\''/home/kyrie/CTF/2024/defcon/libprce3/deb/pcre3-8.39/missing'\'' automake-1.16'
AWK='gawk'
CC='x86_64-linux-gnu-gcc'
CCDEPMODE='depmode=gcc3'
CFLAGS=' -g -O2 -ffile-prefix-map=/home/kyrie/CTF/2024/defcon/libprce3/deb/pcre3-8.39=. -flto=auto -ffat-lto-objects -flto=auto -ffat-lto-objects -fstack-protector-strong -Wformat -Werror=format-security -Wall'
CPPFLAGS='-Wdate-time -D_FORTIFY_SOURCE=2'
CSCOPE='cscope'
CTAGS='ctags'
CXX='x86_64-linux-gnu-g++'
CXXCPP='x86_64-linux-gnu-g++ -E'
CXXDEPMODE='depmode=gcc3'
CXXFLAGS='-g -O2 -ffile-prefix-map=/home/kyrie/CTF/2024/defcon/libprce3/deb/pcre3-8.39=. -flto=auto -ffat-lto-objects -flto=auto -ffat-lto-objects -fstack-protector-strong -Wformat -Werror=format-security'
CYGPATH_W='echo'
DEFS='-DHAVE_CONFIG_H'
DEPDIR='.deps'
DISTCHECK_CONFIGURE_FLAGS='CFLAGS='\'''\'' CXXFLAGS='\'''\'' --enable-pcre16 --enable-pcre32 --enable-jit --enable-cpp --enable-unicode-properties'
DLLTOOL='dlltool'
DSYMUTIL=''
DUMPBIN=''
ECHO_C=''
ECHO_N='-n'
ECHO_T=''
EGREP='/usr/bin/grep -E'
ETAGS='etags'
EXEEXT=''
EXTRA_LIBPCRE16_LDFLAGS='                         -version-info 16:3:13'
EXTRA_LIBPCRE32_LDFLAGS='                         -version-info 16:3:13'
EXTRA_LIBPCRECPP_LDFLAGS='                            -version-info 0:1:0                           '
EXTRA_LIBPCREPOSIX_LDFLAGS='                              -version-info 16:3:13'
EXTRA_LIBPCRE_LDFLAGS='                         -version-info 16:3:13'
FGREP='/usr/bin/grep -F'
GCOV_CFLAGS=''
GCOV_CXXFLAGS=''
GCOV_LIBS=''
GENHTML=''
GREP='/usr/bin/grep'
HAVE_VISIBILITY='1'
INSTALL_DATA='${INSTALL} -m 644'
INSTALL_PROGRAM='${INSTALL}'
INSTALL_SCRIPT='${INSTALL}'
INSTALL_STRIP_PROGRAM='$(install_sh) -c -s'
LCOV=''
LD='/usr/bin/ld -m elf_x86_64'
LDFLAGS='-Wl,-Bsymbolic-functions -flto=auto -ffat-lto-objects -flto=auto -Wl,-z,relro -Wl,-z,now'
LIBBZ2=''
LIBOBJS=''
LIBREADLINE=''
LIBS=' '
LIBTOOL='$(SHELL) $(top_builddir)/libtool'
LIBZ=''
LIPO=''
LN_S='ln -s'
LTLIBOBJS=''
LT_SYS_LIBRARY_PATH=''
MAKEINFO='${SHELL} '\''/home/kyrie/CTF/2024/defcon/libprce3/deb/pcre3-8.39/missing'\'' makeinfo'
MANIFEST_TOOL=':'
MKDIR_P='/usr/bin/mkdir -p'
NM='/usr/bin/x86_64-linux-gnu-nm -B'
NMEDIT=''
OBJDUMP='objdump'
OBJEXT='o'
OTOOL64=''
OTOOL=''
PACKAGE='pcre'
PACKAGE_BUGREPORT=''
PACKAGE_NAME='PCRE'
PACKAGE_STRING='PCRE 8.39'
PACKAGE_TARNAME='pcre'
PACKAGE_URL=''
PACKAGE_VERSION='8.39'
PATH_SEPARATOR=':'
PCRE_DATE='2016-06-14'
PCRE_MAJOR='8'
PCRE_MINOR='39'
PCRE_PRERELEASE=''
PCRE_STATIC_CFLAG=''
PKG_CONFIG=''
PKG_CONFIG_LIBDIR=''
PKG_CONFIG_PATH=''
PTHREAD_CC='x86_64-linux-gnu-gcc'
PTHREAD_CFLAGS=''
PTHREAD_LIBS=''
RANLIB='x86_64-linux-gnu-ranlib'
SED='/usr/bin/sed'
SET_MAKE=''
SHELL='/bin/bash'
SHTOOL=''
STRIP='x86_64-linux-gnu-strip'
VALGRIND_CFLAGS=''
VALGRIND_LIBS=''
VERSION='8.39'
VISIBILITY_CFLAGS='-fvisibility=hidden'
VISIBILITY_CXXFLAGS='-fvisibility=hidden -fvisibility-inlines-hidden'
WITH_GCOV_FALSE=''
WITH_GCOV_TRUE='#'
WITH_JIT_FALSE='#'
WITH_JIT_TRUE=''
WITH_PCRE16_FALSE='#'
WITH_PCRE16_TRUE=''
WITH_PCRE32_FALSE='#'
WITH_PCRE32_TRUE=''
WITH_PCRE8_FALSE='#'
WITH_PCRE8_TRUE=''
WITH_PCRE_CPP_FALSE='#'
WITH_PCRE_CPP_TRUE=''
WITH_REBUILD_CHARTABLES_FALSE=''
WITH_REBUILD_CHARTABLES_TRUE='#'
WITH_UTF_FALSE='#'
WITH_UTF_TRUE=''
WITH_VALGRIND_FALSE=''
WITH_VALGRIND_TRUE='#'
ac_ct_AR=''
ac_ct_CC=''
ac_ct_CXX=''
ac_ct_DUMPBIN=''
am__EXEEXT_FALSE=''
am__EXEEXT_TRUE='#'
am__fastdepCC_FALSE='#'
am__fastdepCC_TRUE=''
am__fastdepCXX_FALSE='#'
am__fastdepCXX_TRUE=''
am__include='include'
am__isrc=''
am__leading_dot='.'
am__nodep='_no'
am__quote=''
am__tar='$${TAR-tar} chof - "$$tardir"'
am__untar='$${TAR-tar} xf -'
ax_pthread_config=''
bindir='${exec_prefix}/bin'
build='x86_64-pc-linux-gnu'
build_alias='x86_64-linux-gnu'
build_cpu='x86_64'
build_os='linux-gnu'
build_vendor='pc'
datadir='${datarootdir}'
datarootdir='${prefix}/share'
docdir='${datarootdir}/doc/${PACKAGE_TARNAME}'
dvidir='${docdir}'
enable_cpp='yes'
enable_pcre16='yes'
enable_pcre32='yes'
enable_pcre8='yes'
exec_prefix='${prefix}'
host='x86_64-pc-linux-gnu'
host_alias='x86_64-linux-gnu'
host_cpu='x86_64'
host_os='linux-gnu'
host_vendor='pc'
htmldir='${docdir}/html'
includedir='${prefix}/include'
infodir='${prefix}/share/info'
install_sh='${SHELL} /home/kyrie/CTF/2024/defcon/libprce3/deb/pcre3-8.39/install-sh'
libdir='${prefix}/lib/x86_64-linux-gnu'
libexecdir='${exec_prefix}/libexec'
localedir='${datarootdir}/locale'
localstatedir='${prefix}/var'
mandir='${prefix}/share/man'
mkdir_p='$(MKDIR_P)'
oldincludedir='/usr/include'
pcre_have_bits_type_traits='0'
pcre_have_long_long='1'
pcre_have_type_traits='0'
pcre_have_ulong_long='1'
pdfdir='${docdir}'
prefix='/usr'
program_transform_name='s,x,x,'
psdir='${docdir}'
runstatedir='${localstatedir}/run'
sbindir='${exec_prefix}/sbin'
sharedstatedir='${prefix}/com'
sysconfdir='${prefix}/etc'
target_alias=''

## ----------- ##
## confdefs.h. ##
## ----------- ##

/* confdefs.h */
#define PACKAGE_NAME "PCRE"
#define PACKAGE_TARNAME "pcre"
#define PACKAGE_VERSION "8.39"
#define PACKAGE_STRING "PCRE 8.39"
#define PACKAGE_BUGREPORT ""
#define PACKAGE_URL ""
#define PACKAGE "pcre"
#define VERSION "8.39"
#define HAVE_STDIO_H 1
#define HAVE_STDLIB_H 1
#define HAVE_STRING_H 1
#define HAVE_INTTYPES_H 1
#define HAVE_STDINT_H 1
#define HAVE_STRINGS_H 1
#define HAVE_SYS_STAT_H 1
#define HAVE_SYS_TYPES_H 1
#define HAVE_UNISTD_H 1
#define STDC_HEADERS 1
#define HAVE_DLFCN_H 1
#define LT_OBJDIR ".libs/"
#define PCRE_EXP_DECL extern __attribute__ ((visibility ("default")))
#define PCRE_EXP_DEFN __attribute__ ((visibility ("default")))
#define PCRE_EXP_DATA_DEFN __attribute__ ((visibility ("default")))
#define PCREPOSIX_EXP_DECL extern __attribute__ ((visibility ("default")))
#define PCREPOSIX_EXP_DEFN extern __attribute__ ((visibility ("default")))
#define PCRECPP_EXP_DECL extern __attribute__ ((visibility ("default")))
#define PCRECPP_EXP_DEFN __attribute__ ((visibility ("default")))
#define HAVE_VISIBILITY 1
#define HAVE_LIMITS_H 1
#define HAVE_SYS_TYPES_H 1
#define HAVE_SYS_STAT_H 1
#define HAVE_DIRENT_H 1
#define HAVE_STRING 1
#define HAVE_STRTOQ 1
#define HAVE_LONG_LONG 1
#define HAVE_UNSIGNED_LONG_LONG 1
#define HAVE_BCOPY 1
#define HAVE_MEMMOVE 1
#define HAVE_STRERROR 1
#define HAVE_ZLIB_H 1
#define SUPPORT_PCRE8 /**/
#define SUPPORT_PCRE16 /**/
#define SUPPORT_PCRE32 /**/
#define HAVE_PTHREAD_PRIO_INHERIT 1
#define HAVE_PTHREAD 1
#define SUPPORT_JIT /**/
#define SUPPORT_PCREGREP_JIT /**/
#define SUPPORT_UTF /**/
#define SUPPORT_UCP /**/
#define PCREGREP_BUFSIZE 20480
#define NEWLINE 10
#define LINK_SIZE 2
#define POSIX_MALLOC_THRESHOLD 10
#define PARENS_NEST_LIMIT 250
#define MATCH_LIMIT 10000000
#define MATCH_LIMIT_RECURSION MATCH_LIMIT
#define MAX_NAME_SIZE 32
#define MAX_NAME_COUNT 10000

configure: exit 0
